{"C:\\Users\\Danas\\Desktop\\webtech\\src\\backend\\db.js": {"path":"C:\\Users\\Danas\\Desktop\\webtech\\src\\backend\\db.js","statementMap":{"0":{"start":{"line":4,"column":0},"end":{"line":4,"column":31}},"1":{"start":{"line":6,"column":19},"end":{"line":14,"column":2}}},"fnMap":{},"branchMap":{},"s":{"0":3,"1":3},"f":{},"b":{},"_coverageSchema":"1a1c01bbd47fc00a2c39e90264f33305004495a9","hash":"8e98f1d921b4d8b2c665d7089478c16a4c99ec0c"}
,"C:\\Users\\Danas\\Desktop\\webtech\\src\\backend\\server.js": {"path":"C:\\Users\\Danas\\Desktop\\webtech\\src\\backend\\server.js","statementMap":{"0":{"start":{"line":21,"column":0},"end":{"line":21,"column":34}},"1":{"start":{"line":23,"column":12},"end":{"line":23,"column":21}},"2":{"start":{"line":24,"column":13},"end":{"line":24,"column":29}},"3":{"start":{"line":25,"column":20},"end":{"line":25,"column":51}},"4":{"start":{"line":27,"column":0},"end":{"line":30,"column":6}},"5":{"start":{"line":32,"column":2},"end":{"line":32,"column":20}},"6":{"start":{"line":34,"column":2},"end":{"line":34,"column":64}},"7":{"start":{"line":35,"column":2},"end":{"line":35,"column":26}},"8":{"start":{"line":38,"column":23},"end":{"line":42,"column":4}},"9":{"start":{"line":44,"column":2},"end":{"line":44,"column":26}},"10":{"start":{"line":46,"column":24},"end":{"line":50,"column":3}},"11":{"start":{"line":53,"column":2},"end":{"line":56,"column":5}},"12":{"start":{"line":54,"column":4},"end":{"line":54,"column":53}},"13":{"start":{"line":55,"column":4},"end":{"line":55,"column":11}},"14":{"start":{"line":58,"column":2},"end":{"line":64,"column":7}},"15":{"start":{"line":59,"column":6},"end":{"line":59,"column":76}},"16":{"start":{"line":60,"column":6},"end":{"line":60,"column":68}},"17":{"start":{"line":61,"column":6},"end":{"line":61,"column":64}},"18":{"start":{"line":62,"column":6},"end":{"line":62,"column":68}},"19":{"start":{"line":63,"column":6},"end":{"line":63,"column":26}},"20":{"start":{"line":66,"column":2},"end":{"line":72,"column":7}},"21":{"start":{"line":67,"column":6},"end":{"line":67,"column":76}},"22":{"start":{"line":68,"column":6},"end":{"line":68,"column":68}},"23":{"start":{"line":69,"column":6},"end":{"line":69,"column":64}},"24":{"start":{"line":70,"column":6},"end":{"line":70,"column":68}},"25":{"start":{"line":71,"column":6},"end":{"line":71,"column":13}},"26":{"start":{"line":76,"column":0},"end":{"line":76,"column":42}},"27":{"start":{"line":77,"column":0},"end":{"line":77,"column":30}},"28":{"start":{"line":78,"column":0},"end":{"line":78,"column":37}},"29":{"start":{"line":79,"column":0},"end":{"line":79,"column":26}},"30":{"start":{"line":80,"column":0},"end":{"line":80,"column":30}},"31":{"start":{"line":81,"column":0},"end":{"line":81,"column":31}},"32":{"start":{"line":82,"column":0},"end":{"line":82,"column":24}},"33":{"start":{"line":83,"column":0},"end":{"line":83,"column":35}},"34":{"start":{"line":84,"column":0},"end":{"line":84,"column":42}},"35":{"start":{"line":85,"column":0},"end":{"line":85,"column":41}},"36":{"start":{"line":86,"column":0},"end":{"line":86,"column":47}},"37":{"start":{"line":87,"column":0},"end":{"line":87,"column":25}},"38":{"start":{"line":93,"column":0},"end":{"line":96,"column":3}},"39":{"start":{"line":94,"column":4},"end":{"line":94,"column":50}},"40":{"start":{"line":95,"column":4},"end":{"line":95,"column":50}},"41":{"start":{"line":98,"column":0},"end":{"line":100,"column":3}},"42":{"start":{"line":99,"column":4},"end":{"line":99,"column":65}},"43":{"start":{"line":103,"column":0},"end":{"line":110,"column":3}},"44":{"start":{"line":104,"column":4},"end":{"line":109,"column":7}},"45":{"start":{"line":105,"column":6},"end":{"line":107,"column":7}},"46":{"start":{"line":106,"column":8},"end":{"line":106,"column":74}},"47":{"start":{"line":108,"column":6},"end":{"line":108,"column":13}},"48":{"start":{"line":113,"column":2},"end":{"line":117,"column":6}},"49":{"start":{"line":120,"column":2},"end":{"line":131,"column":6}},"50":{"start":{"line":134,"column":2},"end":{"line":134,"column":28}},"51":{"start":{"line":137,"column":2},"end":{"line":137,"column":30}},"52":{"start":{"line":140,"column":2},"end":{"line":140,"column":60}},"53":{"start":{"line":143,"column":2},"end":{"line":146,"column":7}},"54":{"start":{"line":144,"column":6},"end":{"line":144,"column":83}},"55":{"start":{"line":145,"column":6},"end":{"line":145,"column":13}},"56":{"start":{"line":149,"column":4},"end":{"line":152,"column":6}},"57":{"start":{"line":150,"column":6},"end":{"line":150,"column":61}},"58":{"start":{"line":151,"column":6},"end":{"line":151,"column":13}}},"fnMap":{"0":{"name":"(anonymous_0)","decl":{"start":{"line":53,"column":10},"end":{"line":53,"column":11}},"loc":{"start":{"line":53,"column":30},"end":{"line":56,"column":3}},"line":53},"1":{"name":"(anonymous_1)","decl":{"start":{"line":58,"column":19},"end":{"line":58,"column":20}},"loc":{"start":{"line":58,"column":33},"end":{"line":64,"column":5}},"line":58},"2":{"name":"(anonymous_2)","decl":{"start":{"line":66,"column":22},"end":{"line":66,"column":23}},"loc":{"start":{"line":66,"column":42},"end":{"line":72,"column":5}},"line":66},"3":{"name":"(anonymous_3)","decl":{"start":{"line":93,"column":8},"end":{"line":93,"column":9}},"loc":{"start":{"line":93,"column":33},"end":{"line":96,"column":1}},"line":93},"4":{"name":"(anonymous_4)","decl":{"start":{"line":98,"column":17},"end":{"line":98,"column":18}},"loc":{"start":{"line":98,"column":23},"end":{"line":100,"column":1}},"line":98},"5":{"name":"(anonymous_5)","decl":{"start":{"line":104,"column":12},"end":{"line":104,"column":13}},"loc":{"start":{"line":104,"column":32},"end":{"line":109,"column":5}},"line":104},"6":{"name":"(anonymous_6)","decl":{"start":{"line":143,"column":10},"end":{"line":143,"column":11}},"loc":{"start":{"line":143,"column":30},"end":{"line":146,"column":5}},"line":143},"7":{"name":"(anonymous_7)","decl":{"start":{"line":149,"column":12},"end":{"line":149,"column":13}},"loc":{"start":{"line":149,"column":32},"end":{"line":152,"column":5}},"line":149}},"branchMap":{"0":{"loc":{"start":{"line":103,"column":0},"end":{"line":110,"column":3}},"type":"if","locations":[{"start":{"line":103,"column":0},"end":{"line":110,"column":3}},{"start":{},"end":{}}],"line":103},"1":{"loc":{"start":{"line":105,"column":6},"end":{"line":107,"column":7}},"type":"if","locations":[{"start":{"line":105,"column":6},"end":{"line":107,"column":7}},{"start":{},"end":{}}],"line":105}},"s":{"0":3,"1":3,"2":3,"3":3,"4":3,"5":3,"6":3,"7":3,"8":3,"9":3,"10":3,"11":3,"12":37,"13":37,"14":3,"15":0,"16":0,"17":0,"18":0,"19":0,"20":3,"21":0,"22":0,"23":0,"24":0,"25":0,"26":3,"27":3,"28":3,"29":3,"30":3,"31":3,"32":3,"33":3,"34":3,"35":3,"36":3,"37":3,"38":3,"39":0,"40":0,"41":3,"42":3,"43":3,"44":0,"45":0,"46":0,"47":0,"48":3,"49":3,"50":3,"51":3,"52":3,"53":3,"54":7,"55":7,"56":3,"57":7,"58":7},"f":{"0":37,"1":0,"2":0,"3":0,"4":3,"5":0,"6":7,"7":7},"b":{"0":[0,3],"1":[0,0]},"_coverageSchema":"1a1c01bbd47fc00a2c39e90264f33305004495a9","hash":"ede726a8cf1be9f38396d9985ce13256ffb38a8b"}
,"C:\\Users\\Danas\\Desktop\\webtech\\src\\backend\\controllers\\adminControllers.js": {"path":"C:\\Users\\Danas\\Desktop\\webtech\\src\\backend\\controllers\\adminControllers.js","statementMap":{"0":{"start":{"line":4,"column":26},"end":{"line":44,"column":1}},"1":{"start":{"line":7,"column":3},"end":{"line":33,"column":27}},"2":{"start":{"line":35,"column":2},"end":{"line":43,"column":5}},"3":{"start":{"line":36,"column":6},"end":{"line":39,"column":7}},"4":{"start":{"line":37,"column":10},"end":{"line":37,"column":54}},"5":{"start":{"line":38,"column":10},"end":{"line":38,"column":92}},"6":{"start":{"line":42,"column":6},"end":{"line":42,"column":57}},"7":{"start":{"line":50,"column":30},"end":{"line":67,"column":3}},"8":{"start":{"line":51,"column":19},"end":{"line":51,"column":29}},"9":{"start":{"line":52,"column":68},"end":{"line":52,"column":76}},"10":{"start":{"line":55,"column":18},"end":{"line":58,"column":24}},"11":{"start":{"line":60,"column":4},"end":{"line":66,"column":7}},"12":{"start":{"line":61,"column":6},"end":{"line":64,"column":7}},"13":{"start":{"line":62,"column":8},"end":{"line":62,"column":56}},"14":{"start":{"line":63,"column":8},"end":{"line":63,"column":90}},"15":{"start":{"line":65,"column":6},"end":{"line":65,"column":77}},"16":{"start":{"line":70,"column":26},"end":{"line":84,"column":3}},"17":{"start":{"line":71,"column":19},"end":{"line":71,"column":29}},"18":{"start":{"line":74,"column":18},"end":{"line":75,"column":42}},"19":{"start":{"line":77,"column":4},"end":{"line":83,"column":7}},"20":{"start":{"line":78,"column":6},"end":{"line":81,"column":7}},"21":{"start":{"line":79,"column":8},"end":{"line":79,"column":51}},"22":{"start":{"line":80,"column":8},"end":{"line":80,"column":90}},"23":{"start":{"line":82,"column":6},"end":{"line":82,"column":72}},"24":{"start":{"line":86,"column":32},"end":{"line":132,"column":3}},"25":{"start":{"line":88,"column":18},"end":{"line":117,"column":3}},"26":{"start":{"line":120,"column":4},"end":{"line":131,"column":7}},"27":{"start":{"line":121,"column":6},"end":{"line":124,"column":7}},"28":{"start":{"line":122,"column":8},"end":{"line":122,"column":60}},"29":{"start":{"line":123,"column":8},"end":{"line":123,"column":90}},"30":{"start":{"line":126,"column":19},"end":{"line":128,"column":7}},"31":{"start":{"line":130,"column":6},"end":{"line":130,"column":40}},"32":{"start":{"line":134,"column":31},"end":{"line":176,"column":3}},"33":{"start":{"line":135,"column":19},"end":{"line":135,"column":29}},"34":{"start":{"line":136,"column":23},"end":{"line":136,"column":31}},"35":{"start":{"line":139,"column":4},"end":{"line":141,"column":5}},"36":{"start":{"line":140,"column":6},"end":{"line":140,"column":85}},"37":{"start":{"line":144,"column":23},"end":{"line":144,"column":75}},"38":{"start":{"line":146,"column":4},"end":{"line":175,"column":7}},"39":{"start":{"line":147,"column":6},"end":{"line":150,"column":7}},"40":{"start":{"line":148,"column":8},"end":{"line":148,"column":62}},"41":{"start":{"line":149,"column":8},"end":{"line":149,"column":90}},"42":{"start":{"line":151,"column":6},"end":{"line":153,"column":7}},"43":{"start":{"line":152,"column":8},"end":{"line":152,"column":87}},"44":{"start":{"line":155,"column":28},"end":{"line":155,"column":44}},"45":{"start":{"line":157,"column":6},"end":{"line":160,"column":7}},"46":{"start":{"line":159,"column":8},"end":{"line":159,"column":101}},"47":{"start":{"line":163,"column":20},"end":{"line":166,"column":30}},"48":{"start":{"line":168,"column":6},"end":{"line":174,"column":9}},"49":{"start":{"line":169,"column":8},"end":{"line":172,"column":9}},"50":{"start":{"line":170,"column":10},"end":{"line":170,"column":55}},"51":{"start":{"line":171,"column":10},"end":{"line":171,"column":92}},"52":{"start":{"line":173,"column":8},"end":{"line":173,"column":85}},"53":{"start":{"line":178,"column":32},"end":{"line":195,"column":3}},"54":{"start":{"line":179,"column":19},"end":{"line":179,"column":29}},"55":{"start":{"line":180,"column":21},"end":{"line":180,"column":29}},"56":{"start":{"line":183,"column":4},"end":{"line":185,"column":5}},"57":{"start":{"line":184,"column":6},"end":{"line":184,"column":86}},"58":{"start":{"line":187,"column":18},"end":{"line":187,"column":73}},"59":{"start":{"line":188,"column":4},"end":{"line":194,"column":7}},"60":{"start":{"line":189,"column":6},"end":{"line":192,"column":7}},"61":{"start":{"line":190,"column":8},"end":{"line":190,"column":55}},"62":{"start":{"line":191,"column":8},"end":{"line":191,"column":92}},"63":{"start":{"line":193,"column":6},"end":{"line":193,"column":88}},"64":{"start":{"line":198,"column":34},"end":{"line":245,"column":3}},"65":{"start":{"line":200,"column":18},"end":{"line":230,"column":2}},"66":{"start":{"line":233,"column":4},"end":{"line":244,"column":7}},"67":{"start":{"line":234,"column":6},"end":{"line":237,"column":7}},"68":{"start":{"line":235,"column":8},"end":{"line":235,"column":60}},"69":{"start":{"line":236,"column":8},"end":{"line":236,"column":90}},"70":{"start":{"line":239,"column":19},"end":{"line":241,"column":7}},"71":{"start":{"line":243,"column":6},"end":{"line":243,"column":40}},"72":{"start":{"line":247,"column":35},"end":{"line":292,"column":3}},"73":{"start":{"line":248,"column":18},"end":{"line":248,"column":57}},"74":{"start":{"line":249,"column":20},"end":{"line":249,"column":70}},"75":{"start":{"line":250,"column":19},"end":{"line":250,"column":34}},"76":{"start":{"line":251,"column":21},"end":{"line":251,"column":33}},"77":{"start":{"line":252,"column":4},"end":{"line":252,"column":25}},"78":{"start":{"line":254,"column":4},"end":{"line":256,"column":5}},"79":{"start":{"line":255,"column":6},"end":{"line":255,"column":128}},"80":{"start":{"line":258,"column":28},"end":{"line":258,"column":36}},"81":{"start":{"line":261,"column":32},"end":{"line":265,"column":5}},"82":{"start":{"line":267,"column":4},"end":{"line":291,"column":7}},"83":{"start":{"line":268,"column":6},"end":{"line":271,"column":7}},"84":{"start":{"line":269,"column":8},"end":{"line":269,"column":68}},"85":{"start":{"line":270,"column":8},"end":{"line":270,"column":101}},"86":{"start":{"line":274,"column":6},"end":{"line":276,"column":7}},"87":{"start":{"line":275,"column":8},"end":{"line":275,"column":107}},"88":{"start":{"line":279,"column":38},"end":{"line":282,"column":7}},"89":{"start":{"line":283,"column":6},"end":{"line":290,"column":9}},"90":{"start":{"line":284,"column":8},"end":{"line":287,"column":9}},"91":{"start":{"line":285,"column":10},"end":{"line":285,"column":75}},"92":{"start":{"line":286,"column":10},"end":{"line":286,"column":100}},"93":{"start":{"line":289,"column":8},"end":{"line":289,"column":79}}},"fnMap":{"0":{"name":"(anonymous_0)","decl":{"start":{"line":4,"column":26},"end":{"line":4,"column":27}},"loc":{"start":{"line":4,"column":40},"end":{"line":44,"column":1}},"line":4},"1":{"name":"(anonymous_1)","decl":{"start":{"line":35,"column":26},"end":{"line":35,"column":27}},"loc":{"start":{"line":35,"column":48},"end":{"line":43,"column":3}},"line":35},"2":{"name":"(anonymous_2)","decl":{"start":{"line":50,"column":30},"end":{"line":50,"column":31}},"loc":{"start":{"line":50,"column":44},"end":{"line":67,"column":3}},"line":50},"3":{"name":"(anonymous_3)","decl":{"start":{"line":60,"column":87},"end":{"line":60,"column":88}},"loc":{"start":{"line":60,"column":104},"end":{"line":66,"column":5}},"line":60},"4":{"name":"(anonymous_4)","decl":{"start":{"line":70,"column":26},"end":{"line":70,"column":27}},"loc":{"start":{"line":70,"column":40},"end":{"line":84,"column":3}},"line":70},"5":{"name":"(anonymous_5)","decl":{"start":{"line":77,"column":34},"end":{"line":77,"column":35}},"loc":{"start":{"line":77,"column":51},"end":{"line":83,"column":5}},"line":77},"6":{"name":"(anonymous_6)","decl":{"start":{"line":86,"column":32},"end":{"line":86,"column":33}},"loc":{"start":{"line":86,"column":46},"end":{"line":132,"column":3}},"line":86},"7":{"name":"(anonymous_7)","decl":{"start":{"line":120,"column":28},"end":{"line":120,"column":29}},"loc":{"start":{"line":120,"column":54},"end":{"line":131,"column":5}},"line":120},"8":{"name":"(anonymous_8)","decl":{"start":{"line":134,"column":31},"end":{"line":134,"column":32}},"loc":{"start":{"line":134,"column":45},"end":{"line":176,"column":3}},"line":134},"9":{"name":"(anonymous_9)","decl":{"start":{"line":146,"column":39},"end":{"line":146,"column":40}},"loc":{"start":{"line":146,"column":56},"end":{"line":175,"column":5}},"line":146},"10":{"name":"(anonymous_10)","decl":{"start":{"line":168,"column":44},"end":{"line":168,"column":45}},"loc":{"start":{"line":168,"column":61},"end":{"line":174,"column":7}},"line":168},"11":{"name":"(anonymous_11)","decl":{"start":{"line":178,"column":32},"end":{"line":178,"column":33}},"loc":{"start":{"line":178,"column":46},"end":{"line":195,"column":3}},"line":178},"12":{"name":"(anonymous_12)","decl":{"start":{"line":188,"column":43},"end":{"line":188,"column":44}},"loc":{"start":{"line":188,"column":61},"end":{"line":194,"column":5}},"line":188},"13":{"name":"(anonymous_13)","decl":{"start":{"line":198,"column":34},"end":{"line":198,"column":35}},"loc":{"start":{"line":198,"column":48},"end":{"line":245,"column":3}},"line":198},"14":{"name":"(anonymous_14)","decl":{"start":{"line":233,"column":28},"end":{"line":233,"column":29}},"loc":{"start":{"line":233,"column":55},"end":{"line":244,"column":5}},"line":233},"15":{"name":"(anonymous_15)","decl":{"start":{"line":247,"column":35},"end":{"line":247,"column":36}},"loc":{"start":{"line":247,"column":49},"end":{"line":292,"column":3}},"line":247},"16":{"name":"(anonymous_16)","decl":{"start":{"line":267,"column":57},"end":{"line":267,"column":58}},"loc":{"start":{"line":267,"column":86},"end":{"line":291,"column":5}},"line":267},"17":{"name":"(anonymous_17)","decl":{"start":{"line":283,"column":71},"end":{"line":283,"column":72}},"loc":{"start":{"line":283,"column":86},"end":{"line":290,"column":7}},"line":283}},"branchMap":{"0":{"loc":{"start":{"line":36,"column":6},"end":{"line":39,"column":7}},"type":"if","locations":[{"start":{"line":36,"column":6},"end":{"line":39,"column":7}},{"start":{},"end":{}}],"line":36},"1":{"loc":{"start":{"line":61,"column":6},"end":{"line":64,"column":7}},"type":"if","locations":[{"start":{"line":61,"column":6},"end":{"line":64,"column":7}},{"start":{},"end":{}}],"line":61},"2":{"loc":{"start":{"line":78,"column":6},"end":{"line":81,"column":7}},"type":"if","locations":[{"start":{"line":78,"column":6},"end":{"line":81,"column":7}},{"start":{},"end":{}}],"line":78},"3":{"loc":{"start":{"line":121,"column":6},"end":{"line":124,"column":7}},"type":"if","locations":[{"start":{"line":121,"column":6},"end":{"line":124,"column":7}},{"start":{},"end":{}}],"line":121},"4":{"loc":{"start":{"line":139,"column":4},"end":{"line":141,"column":5}},"type":"if","locations":[{"start":{"line":139,"column":4},"end":{"line":141,"column":5}},{"start":{},"end":{}}],"line":139},"5":{"loc":{"start":{"line":147,"column":6},"end":{"line":150,"column":7}},"type":"if","locations":[{"start":{"line":147,"column":6},"end":{"line":150,"column":7}},{"start":{},"end":{}}],"line":147},"6":{"loc":{"start":{"line":151,"column":6},"end":{"line":153,"column":7}},"type":"if","locations":[{"start":{"line":151,"column":6},"end":{"line":153,"column":7}},{"start":{},"end":{}}],"line":151},"7":{"loc":{"start":{"line":157,"column":6},"end":{"line":160,"column":7}},"type":"if","locations":[{"start":{"line":157,"column":6},"end":{"line":160,"column":7}},{"start":{},"end":{}}],"line":157},"8":{"loc":{"start":{"line":169,"column":8},"end":{"line":172,"column":9}},"type":"if","locations":[{"start":{"line":169,"column":8},"end":{"line":172,"column":9}},{"start":{},"end":{}}],"line":169},"9":{"loc":{"start":{"line":183,"column":4},"end":{"line":185,"column":5}},"type":"if","locations":[{"start":{"line":183,"column":4},"end":{"line":185,"column":5}},{"start":{},"end":{}}],"line":183},"10":{"loc":{"start":{"line":189,"column":6},"end":{"line":192,"column":7}},"type":"if","locations":[{"start":{"line":189,"column":6},"end":{"line":192,"column":7}},{"start":{},"end":{}}],"line":189},"11":{"loc":{"start":{"line":234,"column":6},"end":{"line":237,"column":7}},"type":"if","locations":[{"start":{"line":234,"column":6},"end":{"line":237,"column":7}},{"start":{},"end":{}}],"line":234},"12":{"loc":{"start":{"line":254,"column":4},"end":{"line":256,"column":5}},"type":"if","locations":[{"start":{"line":254,"column":4},"end":{"line":256,"column":5}},{"start":{},"end":{}}],"line":254},"13":{"loc":{"start":{"line":254,"column":8},"end":{"line":254,"column":56}},"type":"binary-expr","locations":[{"start":{"line":254,"column":8},"end":{"line":254,"column":28}},{"start":{"line":254,"column":32},"end":{"line":254,"column":56}}],"line":254},"14":{"loc":{"start":{"line":268,"column":6},"end":{"line":271,"column":7}},"type":"if","locations":[{"start":{"line":268,"column":6},"end":{"line":271,"column":7}},{"start":{},"end":{}}],"line":268},"15":{"loc":{"start":{"line":274,"column":6},"end":{"line":276,"column":7}},"type":"if","locations":[{"start":{"line":274,"column":6},"end":{"line":276,"column":7}},{"start":{},"end":{}}],"line":274},"16":{"loc":{"start":{"line":284,"column":8},"end":{"line":287,"column":9}},"type":"if","locations":[{"start":{"line":284,"column":8},"end":{"line":287,"column":9}},{"start":{},"end":{}}],"line":284}},"s":{"0":3,"1":2,"2":2,"3":2,"4":1,"5":1,"6":1,"7":3,"8":2,"9":2,"10":2,"11":2,"12":2,"13":1,"14":1,"15":1,"16":3,"17":2,"18":2,"19":2,"20":2,"21":1,"22":1,"23":1,"24":3,"25":2,"26":2,"27":2,"28":1,"29":1,"30":1,"31":1,"32":3,"33":3,"34":3,"35":3,"36":0,"37":3,"38":3,"39":3,"40":1,"41":1,"42":2,"43":0,"44":2,"45":2,"46":1,"47":1,"48":1,"49":1,"50":0,"51":0,"52":1,"53":3,"54":2,"55":2,"56":2,"57":0,"58":2,"59":2,"60":2,"61":1,"62":1,"63":1,"64":3,"65":4,"66":4,"67":4,"68":2,"69":2,"70":2,"71":2,"72":3,"73":2,"74":2,"75":2,"76":2,"77":2,"78":2,"79":0,"80":2,"81":2,"82":2,"83":2,"84":1,"85":1,"86":1,"87":0,"88":1,"89":1,"90":1,"91":0,"92":0,"93":1},"f":{"0":2,"1":2,"2":2,"3":2,"4":2,"5":2,"6":2,"7":2,"8":3,"9":3,"10":1,"11":2,"12":2,"13":4,"14":4,"15":2,"16":2,"17":1},"b":{"0":[1,1],"1":[1,1],"2":[1,1],"3":[1,1],"4":[0,3],"5":[1,2],"6":[0,2],"7":[1,1],"8":[0,1],"9":[0,2],"10":[1,1],"11":[2,2],"12":[0,2],"13":[2,0],"14":[1,1],"15":[0,1],"16":[0,1]},"_coverageSchema":"1a1c01bbd47fc00a2c39e90264f33305004495a9","hash":"94f5f409e07b01fa48ff3e06545670babeabac4b"}
,"C:\\Users\\Danas\\Desktop\\webtech\\src\\backend\\controllers\\authControllers.js": {"path":"C:\\Users\\Danas\\Desktop\\webtech\\src\\backend\\controllers\\authControllers.js","statementMap":{"0":{"start":{"line":6,"column":0},"end":{"line":6,"column":35}},"1":{"start":{"line":9,"column":0},"end":{"line":11,"column":1}},"2":{"start":{"line":10,"column":2},"end":{"line":10,"column":68}},"3":{"start":{"line":14,"column":20},"end":{"line":21,"column":1}},"4":{"start":{"line":15,"column":20},"end":{"line":15,"column":59}},"5":{"start":{"line":16,"column":2},"end":{"line":20,"column":4}},"6":{"start":{"line":24,"column":32},"end":{"line":30,"column":1}},"7":{"start":{"line":25,"column":2},"end":{"line":29,"column":4}},"8":{"start":{"line":33,"column":27},"end":{"line":46,"column":1}},"9":{"start":{"line":34,"column":16},"end":{"line":34,"column":68}},"10":{"start":{"line":35,"column":2},"end":{"line":37,"column":3}},"11":{"start":{"line":36,"column":4},"end":{"line":36,"column":83}},"12":{"start":{"line":39,"column":2},"end":{"line":45,"column":5}},"13":{"start":{"line":40,"column":4},"end":{"line":42,"column":5}},"14":{"start":{"line":41,"column":6},"end":{"line":41,"column":76}},"15":{"start":{"line":43,"column":4},"end":{"line":43,"column":23}},"16":{"start":{"line":44,"column":4},"end":{"line":44,"column":11}},"17":{"start":{"line":49,"column":39},"end":{"line":60,"column":1}},"18":{"start":{"line":50,"column":16},"end":{"line":50,"column":68}},"19":{"start":{"line":51,"column":2},"end":{"line":51,"column":41}},"20":{"start":{"line":51,"column":14},"end":{"line":51,"column":41}},"21":{"start":{"line":53,"column":2},"end":{"line":59,"column":5}},"22":{"start":{"line":54,"column":4},"end":{"line":54,"column":40}},"23":{"start":{"line":54,"column":13},"end":{"line":54,"column":40}},"24":{"start":{"line":55,"column":4},"end":{"line":55,"column":37}},"25":{"start":{"line":56,"column":4},"end":{"line":56,"column":24}},"26":{"start":{"line":57,"column":4},"end":{"line":57,"column":24}},"27":{"start":{"line":58,"column":4},"end":{"line":58,"column":11}},"28":{"start":{"line":63,"column":28},"end":{"line":77,"column":1}},"29":{"start":{"line":64,"column":15},"end":{"line":64,"column":98}},"30":{"start":{"line":64,"column":31},"end":{"line":64,"column":97}},"31":{"start":{"line":65,"column":20},"end":{"line":65,"column":70}},"32":{"start":{"line":65,"column":41},"end":{"line":65,"column":69}},"33":{"start":{"line":67,"column":2},"end":{"line":67,"column":57}},"34":{"start":{"line":67,"column":30},"end":{"line":67,"column":57}},"35":{"start":{"line":69,"column":23},"end":{"line":69,"column":40}},"36":{"start":{"line":70,"column":24},"end":{"line":70,"column":53}},"37":{"start":{"line":71,"column":2},"end":{"line":71,"column":43}},"38":{"start":{"line":73,"column":2},"end":{"line":76,"column":5}},"39":{"start":{"line":80,"column":21},"end":{"line":120,"column":1}},"40":{"start":{"line":81,"column":2},"end":{"line":119,"column":3}},"41":{"start":{"line":82,"column":35},"end":{"line":82,"column":43}},"42":{"start":{"line":85,"column":4},"end":{"line":87,"column":5}},"43":{"start":{"line":86,"column":6},"end":{"line":86,"column":101}},"44":{"start":{"line":89,"column":4},"end":{"line":115,"column":7}},"45":{"start":{"line":90,"column":6},"end":{"line":93,"column":7}},"46":{"start":{"line":91,"column":8},"end":{"line":91,"column":46}},"47":{"start":{"line":92,"column":8},"end":{"line":92,"column":90}},"48":{"start":{"line":95,"column":6},"end":{"line":97,"column":7}},"49":{"start":{"line":96,"column":8},"end":{"line":96,"column":83}},"50":{"start":{"line":99,"column":19},"end":{"line":99,"column":29}},"51":{"start":{"line":100,"column":30},"end":{"line":100,"column":80}},"52":{"start":{"line":102,"column":6},"end":{"line":114,"column":7}},"53":{"start":{"line":103,"column":29},"end":{"line":103,"column":46}},"54":{"start":{"line":104,"column":30},"end":{"line":104,"column":59}},"55":{"start":{"line":106,"column":8},"end":{"line":111,"column":11}},"56":{"start":{"line":113,"column":8},"end":{"line":113,"column":85}},"57":{"start":{"line":117,"column":4},"end":{"line":117,"column":51}},"58":{"start":{"line":118,"column":4},"end":{"line":118,"column":79}},"59":{"start":{"line":124,"column":28},"end":{"line":134,"column":1}},"60":{"start":{"line":125,"column":27},"end":{"line":125,"column":35}},"61":{"start":{"line":126,"column":2},"end":{"line":126,"column":108}},"62":{"start":{"line":126,"column":21},"end":{"line":126,"column":108}},"63":{"start":{"line":128,"column":2},"end":{"line":133,"column":5}},"64":{"start":{"line":129,"column":4},"end":{"line":129,"column":95}},"65":{"start":{"line":129,"column":13},"end":{"line":129,"column":95}},"66":{"start":{"line":131,"column":24},"end":{"line":131,"column":44}},"67":{"start":{"line":132,"column":4},"end":{"line":132,"column":57}},"68":{"start":{"line":137,"column":24},"end":{"line":168,"column":1}},"69":{"start":{"line":138,"column":74},"end":{"line":138,"column":82}},"70":{"start":{"line":140,"column":2},"end":{"line":167,"column":3}},"71":{"start":{"line":142,"column":4},"end":{"line":163,"column":7}},"72":{"start":{"line":143,"column":6},"end":{"line":146,"column":7}},"73":{"start":{"line":144,"column":8},"end":{"line":144,"column":53}},"74":{"start":{"line":145,"column":8},"end":{"line":145,"column":90}},"75":{"start":{"line":147,"column":6},"end":{"line":149,"column":7}},"76":{"start":{"line":148,"column":8},"end":{"line":148,"column":101}},"77":{"start":{"line":152,"column":29},"end":{"line":152,"column":60}},"78":{"start":{"line":153,"column":6},"end":{"line":162,"column":8}},"79":{"start":{"line":156,"column":10},"end":{"line":159,"column":11}},"80":{"start":{"line":157,"column":12},"end":{"line":157,"column":64}},"81":{"start":{"line":158,"column":12},"end":{"line":158,"column":94}},"82":{"start":{"line":160,"column":10},"end":{"line":160,"column":91}},"83":{"start":{"line":165,"column":4},"end":{"line":165,"column":51}},"84":{"start":{"line":166,"column":4},"end":{"line":166,"column":79}}},"fnMap":{"0":{"name":"(anonymous_0)","decl":{"start":{"line":14,"column":20},"end":{"line":14,"column":21}},"loc":{"start":{"line":14,"column":30},"end":{"line":21,"column":1}},"line":14},"1":{"name":"(anonymous_1)","decl":{"start":{"line":24,"column":32},"end":{"line":24,"column":33}},"loc":{"start":{"line":24,"column":42},"end":{"line":30,"column":1}},"line":24},"2":{"name":"(anonymous_2)","decl":{"start":{"line":33,"column":27},"end":{"line":33,"column":28}},"loc":{"start":{"line":33,"column":47},"end":{"line":46,"column":1}},"line":33},"3":{"name":"(anonymous_3)","decl":{"start":{"line":39,"column":53},"end":{"line":39,"column":54}},"loc":{"start":{"line":39,"column":71},"end":{"line":45,"column":3}},"line":39},"4":{"name":"(anonymous_4)","decl":{"start":{"line":49,"column":39},"end":{"line":49,"column":40}},"loc":{"start":{"line":49,"column":59},"end":{"line":60,"column":1}},"line":49},"5":{"name":"(anonymous_5)","decl":{"start":{"line":53,"column":54},"end":{"line":53,"column":55}},"loc":{"start":{"line":53,"column":72},"end":{"line":59,"column":3}},"line":53},"6":{"name":"(anonymous_6)","decl":{"start":{"line":63,"column":28},"end":{"line":63,"column":29}},"loc":{"start":{"line":63,"column":42},"end":{"line":77,"column":1}},"line":63},"7":{"name":"(anonymous_7)","decl":{"start":{"line":64,"column":26},"end":{"line":64,"column":27}},"loc":{"start":{"line":64,"column":31},"end":{"line":64,"column":97}},"line":64},"8":{"name":"(anonymous_8)","decl":{"start":{"line":65,"column":36},"end":{"line":65,"column":37}},"loc":{"start":{"line":65,"column":41},"end":{"line":65,"column":69}},"line":65},"9":{"name":"(anonymous_9)","decl":{"start":{"line":80,"column":21},"end":{"line":80,"column":22}},"loc":{"start":{"line":80,"column":41},"end":{"line":120,"column":1}},"line":80},"10":{"name":"(anonymous_10)","decl":{"start":{"line":89,"column":75},"end":{"line":89,"column":76}},"loc":{"start":{"line":89,"column":99},"end":{"line":115,"column":5}},"line":89},"11":{"name":"(anonymous_11)","decl":{"start":{"line":124,"column":28},"end":{"line":124,"column":29}},"loc":{"start":{"line":124,"column":42},"end":{"line":134,"column":1}},"line":124},"12":{"name":"(anonymous_12)","decl":{"start":{"line":128,"column":61},"end":{"line":128,"column":62}},"loc":{"start":{"line":128,"column":79},"end":{"line":133,"column":3}},"line":128},"13":{"name":"(anonymous_13)","decl":{"start":{"line":137,"column":24},"end":{"line":137,"column":25}},"loc":{"start":{"line":137,"column":44},"end":{"line":168,"column":1}},"line":137},"14":{"name":"(anonymous_14)","decl":{"start":{"line":142,"column":95},"end":{"line":142,"column":96}},"loc":{"start":{"line":142,"column":119},"end":{"line":163,"column":5}},"line":142},"15":{"name":"(anonymous_15)","decl":{"start":{"line":155,"column":8},"end":{"line":155,"column":9}},"loc":{"start":{"line":155,"column":17},"end":{"line":161,"column":9}},"line":155}},"branchMap":{"0":{"loc":{"start":{"line":9,"column":0},"end":{"line":11,"column":1}},"type":"if","locations":[{"start":{"line":9,"column":0},"end":{"line":11,"column":1}},{"start":{},"end":{}}],"line":9},"1":{"loc":{"start":{"line":9,"column":4},"end":{"line":9,"column":73}},"type":"binary-expr","locations":[{"start":{"line":9,"column":4},"end":{"line":9,"column":36}},{"start":{"line":9,"column":40},"end":{"line":9,"column":73}}],"line":9},"2":{"loc":{"start":{"line":35,"column":2},"end":{"line":37,"column":3}},"type":"if","locations":[{"start":{"line":35,"column":2},"end":{"line":37,"column":3}},{"start":{},"end":{}}],"line":35},"3":{"loc":{"start":{"line":40,"column":4},"end":{"line":42,"column":5}},"type":"if","locations":[{"start":{"line":40,"column":4},"end":{"line":42,"column":5}},{"start":{},"end":{}}],"line":40},"4":{"loc":{"start":{"line":51,"column":2},"end":{"line":51,"column":41}},"type":"if","locations":[{"start":{"line":51,"column":2},"end":{"line":51,"column":41}},{"start":{},"end":{}}],"line":51},"5":{"loc":{"start":{"line":54,"column":4},"end":{"line":54,"column":40}},"type":"if","locations":[{"start":{"line":54,"column":4},"end":{"line":54,"column":40}},{"start":{},"end":{}}],"line":54},"6":{"loc":{"start":{"line":64,"column":31},"end":{"line":64,"column":97}},"type":"binary-expr","locations":[{"start":{"line":64,"column":31},"end":{"line":64,"column":61}},{"start":{"line":64,"column":65},"end":{"line":64,"column":97}}],"line":64},"7":{"loc":{"start":{"line":67,"column":2},"end":{"line":67,"column":57}},"type":"if","locations":[{"start":{"line":67,"column":2},"end":{"line":67,"column":57}},{"start":{},"end":{}}],"line":67},"8":{"loc":{"start":{"line":67,"column":6},"end":{"line":67,"column":28}},"type":"binary-expr","locations":[{"start":{"line":67,"column":6},"end":{"line":67,"column":11}},{"start":{"line":67,"column":15},"end":{"line":67,"column":28}}],"line":67},"9":{"loc":{"start":{"line":85,"column":4},"end":{"line":87,"column":5}},"type":"if","locations":[{"start":{"line":85,"column":4},"end":{"line":87,"column":5}},{"start":{},"end":{}}],"line":85},"10":{"loc":{"start":{"line":85,"column":8},"end":{"line":85,"column":30}},"type":"binary-expr","locations":[{"start":{"line":85,"column":8},"end":{"line":85,"column":17}},{"start":{"line":85,"column":21},"end":{"line":85,"column":30}}],"line":85},"11":{"loc":{"start":{"line":90,"column":6},"end":{"line":93,"column":7}},"type":"if","locations":[{"start":{"line":90,"column":6},"end":{"line":93,"column":7}},{"start":{},"end":{}}],"line":90},"12":{"loc":{"start":{"line":95,"column":6},"end":{"line":97,"column":7}},"type":"if","locations":[{"start":{"line":95,"column":6},"end":{"line":97,"column":7}},{"start":{},"end":{}}],"line":95},"13":{"loc":{"start":{"line":102,"column":6},"end":{"line":114,"column":7}},"type":"if","locations":[{"start":{"line":102,"column":6},"end":{"line":114,"column":7}},{"start":{"line":112,"column":13},"end":{"line":114,"column":7}}],"line":102},"14":{"loc":{"start":{"line":126,"column":2},"end":{"line":126,"column":108}},"type":"if","locations":[{"start":{"line":126,"column":2},"end":{"line":126,"column":108}},{"start":{},"end":{}}],"line":126},"15":{"loc":{"start":{"line":129,"column":4},"end":{"line":129,"column":95}},"type":"if","locations":[{"start":{"line":129,"column":4},"end":{"line":129,"column":95}},{"start":{},"end":{}}],"line":129},"16":{"loc":{"start":{"line":143,"column":6},"end":{"line":146,"column":7}},"type":"if","locations":[{"start":{"line":143,"column":6},"end":{"line":146,"column":7}},{"start":{},"end":{}}],"line":143},"17":{"loc":{"start":{"line":147,"column":6},"end":{"line":149,"column":7}},"type":"if","locations":[{"start":{"line":147,"column":6},"end":{"line":149,"column":7}},{"start":{},"end":{}}],"line":147},"18":{"loc":{"start":{"line":156,"column":10},"end":{"line":159,"column":11}},"type":"if","locations":[{"start":{"line":156,"column":10},"end":{"line":159,"column":11}},{"start":{},"end":{}}],"line":156}},"s":{"0":3,"1":3,"2":0,"3":3,"4":1,"5":1,"6":3,"7":0,"8":3,"9":2,"10":2,"11":0,"12":2,"13":2,"14":1,"15":1,"16":1,"17":3,"18":0,"19":0,"20":0,"21":0,"22":0,"23":0,"24":0,"25":0,"26":0,"27":0,"28":3,"29":0,"30":0,"31":0,"32":0,"33":0,"34":0,"35":0,"36":0,"37":0,"38":0,"39":3,"40":2,"41":2,"42":2,"43":0,"44":2,"45":2,"46":0,"47":0,"48":2,"49":1,"50":1,"51":1,"52":1,"53":0,"54":0,"55":0,"56":1,"57":0,"58":0,"59":3,"60":3,"61":3,"62":1,"63":2,"64":2,"65":1,"66":1,"67":1,"68":3,"69":1,"70":1,"71":1,"72":1,"73":0,"74":0,"75":1,"76":0,"77":1,"78":1,"79":1,"80":0,"81":0,"82":1,"83":0,"84":0},"f":{"0":1,"1":0,"2":2,"3":2,"4":0,"5":0,"6":0,"7":0,"8":0,"9":2,"10":2,"11":3,"12":2,"13":1,"14":1,"15":1},"b":{"0":[0,3],"1":[3,3],"2":[0,2],"3":[1,1],"4":[0,0],"5":[0,0],"6":[0,0],"7":[0,0],"8":[0,0],"9":[0,2],"10":[2,2],"11":[0,2],"12":[1,1],"13":[0,1],"14":[1,2],"15":[1,1],"16":[0,1],"17":[0,1],"18":[0,1]},"_coverageSchema":"1a1c01bbd47fc00a2c39e90264f33305004495a9","hash":"299ee6f2543e313ff90584c9d955349a6acc6cc5"}
,"C:\\Users\\Danas\\Desktop\\webtech\\src\\backend\\controllers\\badgeControllers.js": {"path":"C:\\Users\\Danas\\Desktop\\webtech\\src\\backend\\controllers\\badgeControllers.js","statementMap":{"0":{"start":{"line":5,"column":0},"end":{"line":5,"column":35}},"1":{"start":{"line":7,"column":22},"end":{"line":16,"column":3}},"2":{"start":{"line":8,"column":4},"end":{"line":15,"column":7}},"3":{"start":{"line":9,"column":6},"end":{"line":14,"column":9}},"4":{"start":{"line":10,"column":8},"end":{"line":12,"column":9}},"5":{"start":{"line":11,"column":10},"end":{"line":11,"column":29}},"6":{"start":{"line":13,"column":8},"end":{"line":13,"column":25}},"7":{"start":{"line":19,"column":24},"end":{"line":36,"column":1}},"8":{"start":{"line":20,"column":46},"end":{"line":20,"column":54}},"9":{"start":{"line":22,"column":2},"end":{"line":24,"column":3}},"10":{"start":{"line":23,"column":4},"end":{"line":23,"column":88}},"11":{"start":{"line":26,"column":2},"end":{"line":35,"column":3}},"12":{"start":{"line":27,"column":19},"end":{"line":30,"column":5}},"13":{"start":{"line":31,"column":4},"end":{"line":31,"column":95}},"14":{"start":{"line":33,"column":4},"end":{"line":33,"column":48}},"15":{"start":{"line":34,"column":4},"end":{"line":34,"column":77}},"16":{"start":{"line":39,"column":27},"end":{"line":52,"column":1}},"17":{"start":{"line":40,"column":22},"end":{"line":40,"column":32}},"18":{"start":{"line":42,"column":2},"end":{"line":51,"column":3}},"19":{"start":{"line":43,"column":19},"end":{"line":43,"column":90}},"20":{"start":{"line":44,"column":4},"end":{"line":46,"column":5}},"21":{"start":{"line":45,"column":6},"end":{"line":45,"column":82}},"22":{"start":{"line":47,"column":4},"end":{"line":47,"column":71}},"23":{"start":{"line":49,"column":4},"end":{"line":49,"column":50}},"24":{"start":{"line":50,"column":4},"end":{"line":50,"column":80}},"25":{"start":{"line":55,"column":27},"end":{"line":72,"column":1}},"26":{"start":{"line":56,"column":22},"end":{"line":56,"column":32}},"27":{"start":{"line":57,"column":46},"end":{"line":57,"column":54}},"28":{"start":{"line":59,"column":2},"end":{"line":71,"column":3}},"29":{"start":{"line":60,"column":19},"end":{"line":63,"column":5}},"30":{"start":{"line":64,"column":4},"end":{"line":66,"column":5}},"31":{"start":{"line":65,"column":6},"end":{"line":65,"column":82}},"32":{"start":{"line":67,"column":4},"end":{"line":67,"column":71}},"33":{"start":{"line":69,"column":4},"end":{"line":69,"column":50}},"34":{"start":{"line":70,"column":4},"end":{"line":70,"column":80}},"35":{"start":{"line":74,"column":27},"end":{"line":82,"column":3}},"36":{"start":{"line":75,"column":4},"end":{"line":81,"column":5}},"37":{"start":{"line":76,"column":22},"end":{"line":76,"column":65}},"38":{"start":{"line":77,"column":6},"end":{"line":77,"column":24}},"39":{"start":{"line":79,"column":6},"end":{"line":79,"column":53}},"40":{"start":{"line":80,"column":6},"end":{"line":80,"column":82}}},"fnMap":{"0":{"name":"(anonymous_0)","decl":{"start":{"line":7,"column":22},"end":{"line":7,"column":23}},"loc":{"start":{"line":7,"column":41},"end":{"line":16,"column":3}},"line":7},"1":{"name":"(anonymous_1)","decl":{"start":{"line":8,"column":23},"end":{"line":8,"column":24}},"loc":{"start":{"line":8,"column":44},"end":{"line":15,"column":5}},"line":8},"2":{"name":"(anonymous_2)","decl":{"start":{"line":9,"column":38},"end":{"line":9,"column":39}},"loc":{"start":{"line":9,"column":56},"end":{"line":14,"column":7}},"line":9},"3":{"name":"(anonymous_3)","decl":{"start":{"line":19,"column":24},"end":{"line":19,"column":25}},"loc":{"start":{"line":19,"column":44},"end":{"line":36,"column":1}},"line":19},"4":{"name":"(anonymous_4)","decl":{"start":{"line":39,"column":27},"end":{"line":39,"column":28}},"loc":{"start":{"line":39,"column":47},"end":{"line":52,"column":1}},"line":39},"5":{"name":"(anonymous_5)","decl":{"start":{"line":55,"column":27},"end":{"line":55,"column":28}},"loc":{"start":{"line":55,"column":47},"end":{"line":72,"column":1}},"line":55},"6":{"name":"(anonymous_6)","decl":{"start":{"line":74,"column":27},"end":{"line":74,"column":28}},"loc":{"start":{"line":74,"column":47},"end":{"line":82,"column":3}},"line":74}},"branchMap":{"0":{"loc":{"start":{"line":10,"column":8},"end":{"line":12,"column":9}},"type":"if","locations":[{"start":{"line":10,"column":8},"end":{"line":12,"column":9}},{"start":{},"end":{}}],"line":10},"1":{"loc":{"start":{"line":22,"column":2},"end":{"line":24,"column":3}},"type":"if","locations":[{"start":{"line":22,"column":2},"end":{"line":24,"column":3}},{"start":{},"end":{}}],"line":22},"2":{"loc":{"start":{"line":22,"column":6},"end":{"line":22,"column":44}},"type":"binary-expr","locations":[{"start":{"line":22,"column":6},"end":{"line":22,"column":11}},{"start":{"line":22,"column":15},"end":{"line":22,"column":27}},{"start":{"line":22,"column":31},"end":{"line":22,"column":44}}],"line":22},"3":{"loc":{"start":{"line":44,"column":4},"end":{"line":46,"column":5}},"type":"if","locations":[{"start":{"line":44,"column":4},"end":{"line":46,"column":5}},{"start":{},"end":{}}],"line":44},"4":{"loc":{"start":{"line":64,"column":4},"end":{"line":66,"column":5}},"type":"if","locations":[{"start":{"line":64,"column":4},"end":{"line":66,"column":5}},{"start":{},"end":{}}],"line":64}},"s":{"0":3,"1":3,"2":0,"3":0,"4":0,"5":0,"6":0,"7":3,"8":0,"9":0,"10":0,"11":0,"12":0,"13":0,"14":0,"15":0,"16":3,"17":0,"18":0,"19":0,"20":0,"21":0,"22":0,"23":0,"24":0,"25":3,"26":0,"27":0,"28":0,"29":0,"30":0,"31":0,"32":0,"33":0,"34":0,"35":3,"36":0,"37":0,"38":0,"39":0,"40":0},"f":{"0":0,"1":0,"2":0,"3":0,"4":0,"5":0,"6":0},"b":{"0":[0,0],"1":[0,0],"2":[0,0,0],"3":[0,0],"4":[0,0]},"_coverageSchema":"1a1c01bbd47fc00a2c39e90264f33305004495a9","hash":"9b512ec7c0fe79f70fbb2b3686db7e5742eb94e2"}
,"C:\\Users\\Danas\\Desktop\\webtech\\src\\backend\\controllers\\campaignControllers.js": {"path":"C:\\Users\\Danas\\Desktop\\webtech\\src\\backend\\controllers\\campaignControllers.js","statementMap":{"0":{"start":{"line":5,"column":30},"end":{"line":68,"column":1}},"1":{"start":{"line":6,"column":2},"end":{"line":8,"column":3}},"2":{"start":{"line":7,"column":4},"end":{"line":7,"column":87}},"3":{"start":{"line":10,"column":98},"end":{"line":10,"column":106}},"4":{"start":{"line":11,"column":21},"end":{"line":11,"column":37}},"5":{"start":{"line":12,"column":20},"end":{"line":12,"column":38}},"6":{"start":{"line":15,"column":2},"end":{"line":17,"column":3}},"7":{"start":{"line":16,"column":4},"end":{"line":16,"column":88}},"8":{"start":{"line":20,"column":29},"end":{"line":20,"column":97}},"9":{"start":{"line":21,"column":2},"end":{"line":67,"column":5}},"10":{"start":{"line":22,"column":4},"end":{"line":25,"column":5}},"11":{"start":{"line":23,"column":6},"end":{"line":23,"column":53}},"12":{"start":{"line":24,"column":6},"end":{"line":24,"column":110}},"13":{"start":{"line":27,"column":4},"end":{"line":29,"column":5}},"14":{"start":{"line":28,"column":6},"end":{"line":28,"column":83}},"15":{"start":{"line":31,"column":24},"end":{"line":31,"column":54}},"16":{"start":{"line":34,"column":32},"end":{"line":37,"column":5}},"17":{"start":{"line":38,"column":4},"end":{"line":66,"column":6}},"18":{"start":{"line":42,"column":8},"end":{"line":45,"column":9}},"19":{"start":{"line":43,"column":10},"end":{"line":43,"column":62}},"20":{"start":{"line":44,"column":10},"end":{"line":44,"column":112}},"21":{"start":{"line":47,"column":28},"end":{"line":47,"column":44}},"22":{"start":{"line":50,"column":43},"end":{"line":52,"column":9}},"23":{"start":{"line":53,"column":8},"end":{"line":64,"column":11}},"24":{"start":{"line":54,"column":10},"end":{"line":57,"column":11}},"25":{"start":{"line":55,"column":12},"end":{"line":55,"column":68}},"26":{"start":{"line":56,"column":12},"end":{"line":56,"column":125}},"27":{"start":{"line":59,"column":10},"end":{"line":63,"column":13}},"28":{"start":{"line":71,"column":28},"end":{"line":109,"column":1}},"29":{"start":{"line":72,"column":2},"end":{"line":74,"column":3}},"30":{"start":{"line":73,"column":4},"end":{"line":73,"column":87}},"31":{"start":{"line":75,"column":13},"end":{"line":75,"column":40}},"32":{"start":{"line":76,"column":0},"end":{"line":78,"column":1}},"33":{"start":{"line":77,"column":4},"end":{"line":77,"column":84}},"34":{"start":{"line":80,"column":65},"end":{"line":80,"column":73}},"35":{"start":{"line":82,"column":2},"end":{"line":82,"column":41}},"36":{"start":{"line":83,"column":2},"end":{"line":83,"column":45}},"37":{"start":{"line":87,"column":2},"end":{"line":89,"column":3}},"38":{"start":{"line":88,"column":4},"end":{"line":88,"column":106}},"39":{"start":{"line":91,"column":16},"end":{"line":95,"column":3}},"40":{"start":{"line":97,"column":2},"end":{"line":108,"column":5}},"41":{"start":{"line":98,"column":4},"end":{"line":101,"column":5}},"42":{"start":{"line":99,"column":6},"end":{"line":99,"column":53}},"43":{"start":{"line":100,"column":6},"end":{"line":100,"column":110}},"44":{"start":{"line":103,"column":4},"end":{"line":105,"column":5}},"45":{"start":{"line":104,"column":6},"end":{"line":104,"column":85}},"46":{"start":{"line":107,"column":4},"end":{"line":107,"column":86}},"47":{"start":{"line":112,"column":28},"end":{"line":121,"column":1}},"48":{"start":{"line":113,"column":16},"end":{"line":113,"column":66}},"49":{"start":{"line":114,"column":2},"end":{"line":120,"column":5}},"50":{"start":{"line":115,"column":4},"end":{"line":118,"column":5}},"51":{"start":{"line":116,"column":6},"end":{"line":116,"column":54}},"52":{"start":{"line":117,"column":6},"end":{"line":117,"column":91}},"53":{"start":{"line":119,"column":4},"end":{"line":119,"column":64}},"54":{"start":{"line":125,"column":30},"end":{"line":141,"column":1}},"55":{"start":{"line":126,"column":26},"end":{"line":126,"column":34}},"56":{"start":{"line":129,"column":2},"end":{"line":131,"column":3}},"57":{"start":{"line":130,"column":4},"end":{"line":130,"column":84}},"58":{"start":{"line":133,"column":16},"end":{"line":133,"column":79}},"59":{"start":{"line":134,"column":2},"end":{"line":140,"column":5}},"60":{"start":{"line":135,"column":4},"end":{"line":138,"column":5}},"61":{"start":{"line":136,"column":6},"end":{"line":136,"column":53}},"62":{"start":{"line":137,"column":6},"end":{"line":137,"column":90}},"63":{"start":{"line":139,"column":4},"end":{"line":139,"column":86}}},"fnMap":{"0":{"name":"(anonymous_0)","decl":{"start":{"line":5,"column":30},"end":{"line":5,"column":31}},"loc":{"start":{"line":5,"column":44},"end":{"line":68,"column":1}},"line":5},"1":{"name":"(anonymous_1)","decl":{"start":{"line":21,"column":51},"end":{"line":21,"column":52}},"loc":{"start":{"line":21,"column":77},"end":{"line":67,"column":3}},"line":21},"2":{"name":"(anonymous_2)","decl":{"start":{"line":41,"column":6},"end":{"line":41,"column":7}},"loc":{"start":{"line":41,"column":24},"end":{"line":65,"column":7}},"line":41},"3":{"name":"(anonymous_3)","decl":{"start":{"line":53,"column":81},"end":{"line":53,"column":82}},"loc":{"start":{"line":53,"column":90},"end":{"line":64,"column":9}},"line":53},"4":{"name":"(anonymous_4)","decl":{"start":{"line":71,"column":28},"end":{"line":71,"column":29}},"loc":{"start":{"line":71,"column":42},"end":{"line":109,"column":1}},"line":71},"5":{"name":"(anonymous_5)","decl":{"start":{"line":97,"column":84},"end":{"line":97,"column":85}},"loc":{"start":{"line":97,"column":102},"end":{"line":108,"column":3}},"line":97},"6":{"name":"(anonymous_6)","decl":{"start":{"line":112,"column":28},"end":{"line":112,"column":29}},"loc":{"start":{"line":112,"column":42},"end":{"line":121,"column":1}},"line":112},"7":{"name":"(anonymous_7)","decl":{"start":{"line":114,"column":26},"end":{"line":114,"column":27}},"loc":{"start":{"line":114,"column":44},"end":{"line":120,"column":3}},"line":114},"8":{"name":"(anonymous_8)","decl":{"start":{"line":125,"column":30},"end":{"line":125,"column":31}},"loc":{"start":{"line":125,"column":44},"end":{"line":141,"column":1}},"line":125},"9":{"name":"(anonymous_9)","decl":{"start":{"line":134,"column":41},"end":{"line":134,"column":42}},"loc":{"start":{"line":134,"column":59},"end":{"line":140,"column":3}},"line":134}},"branchMap":{"0":{"loc":{"start":{"line":6,"column":2},"end":{"line":8,"column":3}},"type":"if","locations":[{"start":{"line":6,"column":2},"end":{"line":8,"column":3}},{"start":{},"end":{}}],"line":6},"1":{"loc":{"start":{"line":15,"column":2},"end":{"line":17,"column":3}},"type":"if","locations":[{"start":{"line":15,"column":2},"end":{"line":17,"column":3}},{"start":{},"end":{}}],"line":15},"2":{"loc":{"start":{"line":15,"column":6},"end":{"line":15,"column":134}},"type":"binary-expr","locations":[{"start":{"line":15,"column":6},"end":{"line":15,"column":12}},{"start":{"line":15,"column":16},"end":{"line":15,"column":28}},{"start":{"line":15,"column":32},"end":{"line":15,"column":57}},{"start":{"line":15,"column":61},"end":{"line":15,"column":78}},{"start":{"line":15,"column":82},"end":{"line":15,"column":90}},{"start":{"line":15,"column":94},"end":{"line":15,"column":104}},{"start":{"line":15,"column":108},"end":{"line":15,"column":117}},{"start":{"line":15,"column":121},"end":{"line":15,"column":134}}],"line":15},"3":{"loc":{"start":{"line":22,"column":4},"end":{"line":25,"column":5}},"type":"if","locations":[{"start":{"line":22,"column":4},"end":{"line":25,"column":5}},{"start":{},"end":{}}],"line":22},"4":{"loc":{"start":{"line":27,"column":4},"end":{"line":29,"column":5}},"type":"if","locations":[{"start":{"line":27,"column":4},"end":{"line":29,"column":5}},{"start":{},"end":{}}],"line":27},"5":{"loc":{"start":{"line":42,"column":8},"end":{"line":45,"column":9}},"type":"if","locations":[{"start":{"line":42,"column":8},"end":{"line":45,"column":9}},{"start":{},"end":{}}],"line":42},"6":{"loc":{"start":{"line":54,"column":10},"end":{"line":57,"column":11}},"type":"if","locations":[{"start":{"line":54,"column":10},"end":{"line":57,"column":11}},{"start":{},"end":{}}],"line":54},"7":{"loc":{"start":{"line":72,"column":2},"end":{"line":74,"column":3}},"type":"if","locations":[{"start":{"line":72,"column":2},"end":{"line":74,"column":3}},{"start":{},"end":{}}],"line":72},"8":{"loc":{"start":{"line":76,"column":0},"end":{"line":78,"column":1}},"type":"if","locations":[{"start":{"line":76,"column":0},"end":{"line":78,"column":1}},{"start":{},"end":{}}],"line":76},"9":{"loc":{"start":{"line":87,"column":2},"end":{"line":89,"column":3}},"type":"if","locations":[{"start":{"line":87,"column":2},"end":{"line":89,"column":3}},{"start":{},"end":{}}],"line":87},"10":{"loc":{"start":{"line":87,"column":6},"end":{"line":87,"column":66}},"type":"binary-expr","locations":[{"start":{"line":87,"column":6},"end":{"line":87,"column":12}},{"start":{"line":87,"column":16},"end":{"line":87,"column":33}},{"start":{"line":87,"column":37},"end":{"line":87,"column":49}},{"start":{"line":87,"column":53},"end":{"line":87,"column":66}}],"line":87},"11":{"loc":{"start":{"line":98,"column":4},"end":{"line":101,"column":5}},"type":"if","locations":[{"start":{"line":98,"column":4},"end":{"line":101,"column":5}},{"start":{},"end":{}}],"line":98},"12":{"loc":{"start":{"line":103,"column":4},"end":{"line":105,"column":5}},"type":"if","locations":[{"start":{"line":103,"column":4},"end":{"line":105,"column":5}},{"start":{},"end":{}}],"line":103},"13":{"loc":{"start":{"line":115,"column":4},"end":{"line":118,"column":5}},"type":"if","locations":[{"start":{"line":115,"column":4},"end":{"line":118,"column":5}},{"start":{},"end":{}}],"line":115},"14":{"loc":{"start":{"line":129,"column":2},"end":{"line":131,"column":3}},"type":"if","locations":[{"start":{"line":129,"column":2},"end":{"line":131,"column":3}},{"start":{},"end":{}}],"line":129},"15":{"loc":{"start":{"line":135,"column":4},"end":{"line":138,"column":5}},"type":"if","locations":[{"start":{"line":135,"column":4},"end":{"line":138,"column":5}},{"start":{},"end":{}}],"line":135}},"s":{"0":3,"1":0,"2":0,"3":0,"4":0,"5":0,"6":0,"7":0,"8":0,"9":0,"10":0,"11":0,"12":0,"13":0,"14":0,"15":0,"16":0,"17":0,"18":0,"19":0,"20":0,"21":0,"22":0,"23":0,"24":0,"25":0,"26":0,"27":0,"28":3,"29":0,"30":0,"31":0,"32":0,"33":0,"34":0,"35":0,"36":0,"37":0,"38":0,"39":0,"40":0,"41":0,"42":0,"43":0,"44":0,"45":0,"46":0,"47":3,"48":0,"49":0,"50":0,"51":0,"52":0,"53":0,"54":3,"55":0,"56":0,"57":0,"58":0,"59":0,"60":0,"61":0,"62":0,"63":0},"f":{"0":0,"1":0,"2":0,"3":0,"4":0,"5":0,"6":0,"7":0,"8":0,"9":0},"b":{"0":[0,0],"1":[0,0],"2":[0,0,0,0,0,0,0,0],"3":[0,0],"4":[0,0],"5":[0,0],"6":[0,0],"7":[0,0],"8":[0,0],"9":[0,0],"10":[0,0,0,0],"11":[0,0],"12":[0,0],"13":[0,0],"14":[0,0],"15":[0,0]},"_coverageSchema":"1a1c01bbd47fc00a2c39e90264f33305004495a9","hash":"d8fb2ae170fbc594893b8e59fbddf4f750054a1a"}
,"C:\\Users\\Danas\\Desktop\\webtech\\src\\backend\\controllers\\commentControllers.js": {"path":"C:\\Users\\Danas\\Desktop\\webtech\\src\\backend\\controllers\\commentControllers.js","statementMap":{"0":{"start":{"line":4,"column":0},"end":{"line":4,"column":32}},"1":{"start":{"line":7,"column":26},"end":{"line":26,"column":1}},"2":{"start":{"line":8,"column":40},"end":{"line":8,"column":48}},"3":{"start":{"line":9,"column":18},"end":{"line":9,"column":34}},"4":{"start":{"line":11,"column":2},"end":{"line":13,"column":3}},"5":{"start":{"line":12,"column":4},"end":{"line":12,"column":106}},"6":{"start":{"line":14,"column":16},"end":{"line":16,"column":30}},"7":{"start":{"line":18,"column":2},"end":{"line":25,"column":5}},"8":{"start":{"line":19,"column":6},"end":{"line":22,"column":7}},"9":{"start":{"line":20,"column":10},"end":{"line":20,"column":54}},"10":{"start":{"line":21,"column":10},"end":{"line":21,"column":92}},"11":{"start":{"line":24,"column":6},"end":{"line":24,"column":73}},"12":{"start":{"line":29,"column":27},"end":{"line":59,"column":1}},"13":{"start":{"line":30,"column":27},"end":{"line":30,"column":35}},"14":{"start":{"line":31,"column":24},"end":{"line":31,"column":34}},"15":{"start":{"line":32,"column":18},"end":{"line":32,"column":34}},"16":{"start":{"line":34,"column":2},"end":{"line":36,"column":3}},"17":{"start":{"line":35,"column":4},"end":{"line":35,"column":89}},"18":{"start":{"line":38,"column":26},"end":{"line":38,"column":87}},"19":{"start":{"line":39,"column":2},"end":{"line":58,"column":5}},"20":{"start":{"line":40,"column":4},"end":{"line":43,"column":5}},"21":{"start":{"line":41,"column":6},"end":{"line":41,"column":54}},"22":{"start":{"line":42,"column":6},"end":{"line":42,"column":88}},"23":{"start":{"line":45,"column":4},"end":{"line":47,"column":5}},"24":{"start":{"line":46,"column":6},"end":{"line":46,"column":110}},"25":{"start":{"line":49,"column":24},"end":{"line":49,"column":83}},"26":{"start":{"line":50,"column":4},"end":{"line":57,"column":7}},"27":{"start":{"line":51,"column":6},"end":{"line":54,"column":7}},"28":{"start":{"line":52,"column":8},"end":{"line":52,"column":54}},"29":{"start":{"line":53,"column":8},"end":{"line":53,"column":91}},"30":{"start":{"line":56,"column":6},"end":{"line":56,"column":87}},"31":{"start":{"line":62,"column":29},"end":{"line":87,"column":1}},"32":{"start":{"line":63,"column":24},"end":{"line":63,"column":34}},"33":{"start":{"line":64,"column":18},"end":{"line":64,"column":34}},"34":{"start":{"line":66,"column":26},"end":{"line":66,"column":87}},"35":{"start":{"line":67,"column":2},"end":{"line":86,"column":5}},"36":{"start":{"line":68,"column":4},"end":{"line":71,"column":5}},"37":{"start":{"line":69,"column":6},"end":{"line":69,"column":54}},"38":{"start":{"line":70,"column":6},"end":{"line":70,"column":88}},"39":{"start":{"line":73,"column":4},"end":{"line":75,"column":5}},"40":{"start":{"line":74,"column":6},"end":{"line":74,"column":112}},"41":{"start":{"line":77,"column":24},"end":{"line":77,"column":67}},"42":{"start":{"line":78,"column":4},"end":{"line":85,"column":7}},"43":{"start":{"line":79,"column":6},"end":{"line":82,"column":7}},"44":{"start":{"line":80,"column":8},"end":{"line":80,"column":54}},"45":{"start":{"line":81,"column":8},"end":{"line":81,"column":91}},"46":{"start":{"line":84,"column":6},"end":{"line":84,"column":87}},"47":{"start":{"line":89,"column":27},"end":{"line":119,"column":1}},"48":{"start":{"line":90,"column":24},"end":{"line":90,"column":34}},"49":{"start":{"line":94,"column":16},"end":{"line":99,"column":3}},"50":{"start":{"line":101,"column":2},"end":{"line":118,"column":5}},"51":{"start":{"line":102,"column":6},"end":{"line":105,"column":7}},"52":{"start":{"line":103,"column":10},"end":{"line":103,"column":59}},"53":{"start":{"line":104,"column":10},"end":{"line":104,"column":92}},"54":{"start":{"line":108,"column":23},"end":{"line":114,"column":9}},"55":{"start":{"line":108,"column":47},"end":{"line":114,"column":7}},"56":{"start":{"line":117,"column":6},"end":{"line":117,"column":44}},"57":{"start":{"line":123,"column":28},"end":{"line":174,"column":1}},"58":{"start":{"line":124,"column":59},"end":{"line":124,"column":67}},"59":{"start":{"line":125,"column":18},"end":{"line":125,"column":34}},"60":{"start":{"line":128,"column":2},"end":{"line":133,"column":3}},"61":{"start":{"line":129,"column":4},"end":{"line":132,"column":7}},"62":{"start":{"line":136,"column":27},"end":{"line":138,"column":3}},"63":{"start":{"line":139,"column":2},"end":{"line":173,"column":5}},"64":{"start":{"line":140,"column":4},"end":{"line":143,"column":5}},"65":{"start":{"line":141,"column":6},"end":{"line":141,"column":60}},"66":{"start":{"line":142,"column":6},"end":{"line":142,"column":88}},"67":{"start":{"line":145,"column":4},"end":{"line":150,"column":5}},"68":{"start":{"line":146,"column":6},"end":{"line":149,"column":9}},"69":{"start":{"line":153,"column":24},"end":{"line":156,"column":5}},"70":{"start":{"line":157,"column":4},"end":{"line":172,"column":6}},"71":{"start":{"line":161,"column":8},"end":{"line":164,"column":9}},"72":{"start":{"line":162,"column":10},"end":{"line":162,"column":52}},"73":{"start":{"line":163,"column":10},"end":{"line":163,"column":92}},"74":{"start":{"line":166,"column":8},"end":{"line":170,"column":11}}},"fnMap":{"0":{"name":"(anonymous_0)","decl":{"start":{"line":7,"column":26},"end":{"line":7,"column":27}},"loc":{"start":{"line":7,"column":40},"end":{"line":26,"column":1}},"line":7},"1":{"name":"(anonymous_1)","decl":{"start":{"line":18,"column":64},"end":{"line":18,"column":65}},"loc":{"start":{"line":18,"column":82},"end":{"line":25,"column":3}},"line":18},"2":{"name":"(anonymous_2)","decl":{"start":{"line":29,"column":27},"end":{"line":29,"column":28}},"loc":{"start":{"line":29,"column":41},"end":{"line":59,"column":1}},"line":29},"3":{"name":"(anonymous_3)","decl":{"start":{"line":39,"column":58},"end":{"line":39,"column":59}},"loc":{"start":{"line":39,"column":73},"end":{"line":58,"column":3}},"line":39},"4":{"name":"(anonymous_4)","decl":{"start":{"line":50,"column":61},"end":{"line":50,"column":62}},"loc":{"start":{"line":50,"column":78},"end":{"line":57,"column":5}},"line":50},"5":{"name":"(anonymous_5)","decl":{"start":{"line":62,"column":29},"end":{"line":62,"column":30}},"loc":{"start":{"line":62,"column":43},"end":{"line":87,"column":1}},"line":62},"6":{"name":"(anonymous_6)","decl":{"start":{"line":67,"column":58},"end":{"line":67,"column":59}},"loc":{"start":{"line":67,"column":73},"end":{"line":86,"column":3}},"line":67},"7":{"name":"(anonymous_7)","decl":{"start":{"line":78,"column":47},"end":{"line":78,"column":48}},"loc":{"start":{"line":78,"column":64},"end":{"line":85,"column":5}},"line":78},"8":{"name":"(anonymous_8)","decl":{"start":{"line":89,"column":27},"end":{"line":89,"column":28}},"loc":{"start":{"line":89,"column":41},"end":{"line":119,"column":1}},"line":89},"9":{"name":"(anonymous_9)","decl":{"start":{"line":101,"column":39},"end":{"line":101,"column":40}},"loc":{"start":{"line":101,"column":59},"end":{"line":118,"column":3}},"line":101},"10":{"name":"(anonymous_10)","decl":{"start":{"line":108,"column":35},"end":{"line":108,"column":36}},"loc":{"start":{"line":108,"column":47},"end":{"line":114,"column":7}},"line":108},"11":{"name":"(anonymous_11)","decl":{"start":{"line":123,"column":28},"end":{"line":123,"column":29}},"loc":{"start":{"line":123,"column":42},"end":{"line":174,"column":1}},"line":123},"12":{"name":"(anonymous_12)","decl":{"start":{"line":139,"column":71},"end":{"line":139,"column":72}},"loc":{"start":{"line":139,"column":89},"end":{"line":173,"column":3}},"line":139},"13":{"name":"(anonymous_13)","decl":{"start":{"line":160,"column":6},"end":{"line":160,"column":7}},"loc":{"start":{"line":160,"column":24},"end":{"line":171,"column":7}},"line":160}},"branchMap":{"0":{"loc":{"start":{"line":11,"column":2},"end":{"line":13,"column":3}},"type":"if","locations":[{"start":{"line":11,"column":2},"end":{"line":13,"column":3}},{"start":{},"end":{}}],"line":11},"1":{"loc":{"start":{"line":11,"column":6},"end":{"line":11,"column":35}},"type":"binary-expr","locations":[{"start":{"line":11,"column":6},"end":{"line":11,"column":18}},{"start":{"line":11,"column":22},"end":{"line":11,"column":35}}],"line":11},"2":{"loc":{"start":{"line":19,"column":6},"end":{"line":22,"column":7}},"type":"if","locations":[{"start":{"line":19,"column":6},"end":{"line":22,"column":7}},{"start":{},"end":{}}],"line":19},"3":{"loc":{"start":{"line":34,"column":2},"end":{"line":36,"column":3}},"type":"if","locations":[{"start":{"line":34,"column":2},"end":{"line":36,"column":3}},{"start":{},"end":{}}],"line":34},"4":{"loc":{"start":{"line":40,"column":4},"end":{"line":43,"column":5}},"type":"if","locations":[{"start":{"line":40,"column":4},"end":{"line":43,"column":5}},{"start":{},"end":{}}],"line":40},"5":{"loc":{"start":{"line":45,"column":4},"end":{"line":47,"column":5}},"type":"if","locations":[{"start":{"line":45,"column":4},"end":{"line":47,"column":5}},{"start":{},"end":{}}],"line":45},"6":{"loc":{"start":{"line":51,"column":6},"end":{"line":54,"column":7}},"type":"if","locations":[{"start":{"line":51,"column":6},"end":{"line":54,"column":7}},{"start":{},"end":{}}],"line":51},"7":{"loc":{"start":{"line":68,"column":4},"end":{"line":71,"column":5}},"type":"if","locations":[{"start":{"line":68,"column":4},"end":{"line":71,"column":5}},{"start":{},"end":{}}],"line":68},"8":{"loc":{"start":{"line":73,"column":4},"end":{"line":75,"column":5}},"type":"if","locations":[{"start":{"line":73,"column":4},"end":{"line":75,"column":5}},{"start":{},"end":{}}],"line":73},"9":{"loc":{"start":{"line":79,"column":6},"end":{"line":82,"column":7}},"type":"if","locations":[{"start":{"line":79,"column":6},"end":{"line":82,"column":7}},{"start":{},"end":{}}],"line":79},"10":{"loc":{"start":{"line":102,"column":6},"end":{"line":105,"column":7}},"type":"if","locations":[{"start":{"line":102,"column":6},"end":{"line":105,"column":7}},{"start":{},"end":{}}],"line":102},"11":{"loc":{"start":{"line":128,"column":2},"end":{"line":133,"column":3}},"type":"if","locations":[{"start":{"line":128,"column":2},"end":{"line":133,"column":3}},{"start":{},"end":{}}],"line":128},"12":{"loc":{"start":{"line":128,"column":6},"end":{"line":128,"column":57}},"type":"binary-expr","locations":[{"start":{"line":128,"column":6},"end":{"line":128,"column":18}},{"start":{"line":128,"column":22},"end":{"line":128,"column":35}},{"start":{"line":128,"column":39},"end":{"line":128,"column":57}}],"line":128},"13":{"loc":{"start":{"line":140,"column":4},"end":{"line":143,"column":5}},"type":"if","locations":[{"start":{"line":140,"column":4},"end":{"line":143,"column":5}},{"start":{},"end":{}}],"line":140},"14":{"loc":{"start":{"line":145,"column":4},"end":{"line":150,"column":5}},"type":"if","locations":[{"start":{"line":145,"column":4},"end":{"line":150,"column":5}},{"start":{},"end":{}}],"line":145},"15":{"loc":{"start":{"line":161,"column":8},"end":{"line":164,"column":9}},"type":"if","locations":[{"start":{"line":161,"column":8},"end":{"line":164,"column":9}},{"start":{},"end":{}}],"line":161}},"s":{"0":3,"1":3,"2":0,"3":0,"4":0,"5":0,"6":0,"7":0,"8":0,"9":0,"10":0,"11":0,"12":3,"13":0,"14":0,"15":0,"16":0,"17":0,"18":0,"19":0,"20":0,"21":0,"22":0,"23":0,"24":0,"25":0,"26":0,"27":0,"28":0,"29":0,"30":0,"31":3,"32":0,"33":0,"34":0,"35":0,"36":0,"37":0,"38":0,"39":0,"40":0,"41":0,"42":0,"43":0,"44":0,"45":0,"46":0,"47":3,"48":0,"49":0,"50":0,"51":0,"52":0,"53":0,"54":0,"55":0,"56":0,"57":3,"58":0,"59":0,"60":0,"61":0,"62":0,"63":0,"64":0,"65":0,"66":0,"67":0,"68":0,"69":0,"70":0,"71":0,"72":0,"73":0,"74":0},"f":{"0":0,"1":0,"2":0,"3":0,"4":0,"5":0,"6":0,"7":0,"8":0,"9":0,"10":0,"11":0,"12":0,"13":0},"b":{"0":[0,0],"1":[0,0],"2":[0,0],"3":[0,0],"4":[0,0],"5":[0,0],"6":[0,0],"7":[0,0],"8":[0,0],"9":[0,0],"10":[0,0],"11":[0,0],"12":[0,0,0],"13":[0,0],"14":[0,0],"15":[0,0]},"_coverageSchema":"1a1c01bbd47fc00a2c39e90264f33305004495a9","hash":"761b3e2425dd3ab1477c74b79a16bbcb62044257"}
,"C:\\Users\\Danas\\Desktop\\webtech\\src\\backend\\controllers\\donationControllers.js": {"path":"C:\\Users\\Danas\\Desktop\\webtech\\src\\backend\\controllers\\donationControllers.js","statementMap":{"0":{"start":{"line":3,"column":30},"end":{"line":88,"column":1}},"1":{"start":{"line":4,"column":37},"end":{"line":4,"column":45}},"2":{"start":{"line":5,"column":26},"end":{"line":5,"column":36}},"3":{"start":{"line":6,"column":18},"end":{"line":6,"column":34}},"4":{"start":{"line":9,"column":2},"end":{"line":87,"column":5}},"5":{"start":{"line":10,"column":4},"end":{"line":13,"column":5}},"6":{"start":{"line":11,"column":6},"end":{"line":11,"column":63}},"7":{"start":{"line":12,"column":6},"end":{"line":12,"column":77}},"8":{"start":{"line":15,"column":4},"end":{"line":86,"column":7}},"9":{"start":{"line":16,"column":6},"end":{"line":20,"column":7}},"10":{"start":{"line":17,"column":8},"end":{"line":17,"column":71}},"11":{"start":{"line":18,"column":8},"end":{"line":18,"column":23}},"12":{"start":{"line":19,"column":8},"end":{"line":19,"column":82}},"13":{"start":{"line":23,"column":6},"end":{"line":85,"column":8}},"14":{"start":{"line":27,"column":10},"end":{"line":31,"column":11}},"15":{"start":{"line":28,"column":12},"end":{"line":28,"column":61}},"16":{"start":{"line":29,"column":12},"end":{"line":29,"column":48}},"17":{"start":{"line":29,"column":32},"end":{"line":29,"column":46}},"18":{"start":{"line":30,"column":12},"end":{"line":30,"column":78}},"19":{"start":{"line":33,"column":10},"end":{"line":36,"column":11}},"20":{"start":{"line":34,"column":12},"end":{"line":34,"column":48}},"21":{"start":{"line":34,"column":32},"end":{"line":34,"column":46}},"22":{"start":{"line":35,"column":12},"end":{"line":35,"column":71}},"23":{"start":{"line":38,"column":24},"end":{"line":38,"column":49}},"24":{"start":{"line":41,"column":10},"end":{"line":83,"column":12}},"25":{"start":{"line":46,"column":14},"end":{"line":50,"column":15}},"26":{"start":{"line":47,"column":16},"end":{"line":47,"column":64}},"27":{"start":{"line":48,"column":16},"end":{"line":48,"column":52}},"28":{"start":{"line":48,"column":36},"end":{"line":48,"column":50}},"29":{"start":{"line":49,"column":16},"end":{"line":49,"column":85}},"30":{"start":{"line":53,"column":14},"end":{"line":81,"column":16}},"31":{"start":{"line":59,"column":18},"end":{"line":63,"column":19}},"32":{"start":{"line":60,"column":20},"end":{"line":60,"column":80}},"33":{"start":{"line":61,"column":20},"end":{"line":61,"column":56}},"34":{"start":{"line":61,"column":40},"end":{"line":61,"column":54}},"35":{"start":{"line":62,"column":20},"end":{"line":62,"column":93}},"36":{"start":{"line":66,"column":18},"end":{"line":79,"column":21}},"37":{"start":{"line":67,"column":20},"end":{"line":71,"column":21}},"38":{"start":{"line":68,"column":22},"end":{"line":68,"column":82}},"39":{"start":{"line":69,"column":22},"end":{"line":69,"column":58}},"40":{"start":{"line":69,"column":42},"end":{"line":69,"column":56}},"41":{"start":{"line":70,"column":22},"end":{"line":70,"column":92}},"42":{"start":{"line":74,"column":20},"end":{"line":74,"column":35}},"43":{"start":{"line":75,"column":20},"end":{"line":78,"column":23}}},"fnMap":{"0":{"name":"(anonymous_0)","decl":{"start":{"line":3,"column":30},"end":{"line":3,"column":31}},"loc":{"start":{"line":3,"column":44},"end":{"line":88,"column":1}},"line":3},"1":{"name":"(anonymous_1)","decl":{"start":{"line":9,"column":27},"end":{"line":9,"column":28}},"loc":{"start":{"line":9,"column":42},"end":{"line":87,"column":3}},"line":9},"2":{"name":"(anonymous_2)","decl":{"start":{"line":15,"column":26},"end":{"line":15,"column":27}},"loc":{"start":{"line":15,"column":48},"end":{"line":86,"column":5}},"line":15},"3":{"name":"(anonymous_3)","decl":{"start":{"line":26,"column":8},"end":{"line":26,"column":9}},"loc":{"start":{"line":26,"column":34},"end":{"line":84,"column":9}},"line":26},"4":{"name":"(anonymous_4)","decl":{"start":{"line":29,"column":26},"end":{"line":29,"column":27}},"loc":{"start":{"line":29,"column":32},"end":{"line":29,"column":46}},"line":29},"5":{"name":"(anonymous_5)","decl":{"start":{"line":34,"column":26},"end":{"line":34,"column":27}},"loc":{"start":{"line":34,"column":32},"end":{"line":34,"column":46}},"line":34},"6":{"name":"(anonymous_6)","decl":{"start":{"line":45,"column":12},"end":{"line":45,"column":13}},"loc":{"start":{"line":45,"column":37},"end":{"line":82,"column":13}},"line":45},"7":{"name":"(anonymous_7)","decl":{"start":{"line":48,"column":30},"end":{"line":48,"column":31}},"loc":{"start":{"line":48,"column":36},"end":{"line":48,"column":50}},"line":48},"8":{"name":"(anonymous_8)","decl":{"start":{"line":58,"column":16},"end":{"line":58,"column":17}},"loc":{"start":{"line":58,"column":33},"end":{"line":80,"column":17}},"line":58},"9":{"name":"(anonymous_9)","decl":{"start":{"line":61,"column":34},"end":{"line":61,"column":35}},"loc":{"start":{"line":61,"column":40},"end":{"line":61,"column":54}},"line":61},"10":{"name":"(anonymous_10)","decl":{"start":{"line":66,"column":30},"end":{"line":66,"column":31}},"loc":{"start":{"line":66,"column":47},"end":{"line":79,"column":19}},"line":66},"11":{"name":"(anonymous_11)","decl":{"start":{"line":69,"column":36},"end":{"line":69,"column":37}},"loc":{"start":{"line":69,"column":42},"end":{"line":69,"column":56}},"line":69}},"branchMap":{"0":{"loc":{"start":{"line":10,"column":4},"end":{"line":13,"column":5}},"type":"if","locations":[{"start":{"line":10,"column":4},"end":{"line":13,"column":5}},{"start":{},"end":{}}],"line":10},"1":{"loc":{"start":{"line":16,"column":6},"end":{"line":20,"column":7}},"type":"if","locations":[{"start":{"line":16,"column":6},"end":{"line":20,"column":7}},{"start":{},"end":{}}],"line":16},"2":{"loc":{"start":{"line":27,"column":10},"end":{"line":31,"column":11}},"type":"if","locations":[{"start":{"line":27,"column":10},"end":{"line":31,"column":11}},{"start":{},"end":{}}],"line":27},"3":{"loc":{"start":{"line":33,"column":10},"end":{"line":36,"column":11}},"type":"if","locations":[{"start":{"line":33,"column":10},"end":{"line":36,"column":11}},{"start":{},"end":{}}],"line":33},"4":{"loc":{"start":{"line":33,"column":14},"end":{"line":33,"column":62}},"type":"binary-expr","locations":[{"start":{"line":33,"column":14},"end":{"line":33,"column":30}},{"start":{"line":33,"column":34},"end":{"line":33,"column":62}}],"line":33},"5":{"loc":{"start":{"line":46,"column":14},"end":{"line":50,"column":15}},"type":"if","locations":[{"start":{"line":46,"column":14},"end":{"line":50,"column":15}},{"start":{},"end":{}}],"line":46},"6":{"loc":{"start":{"line":59,"column":18},"end":{"line":63,"column":19}},"type":"if","locations":[{"start":{"line":59,"column":18},"end":{"line":63,"column":19}},{"start":{},"end":{}}],"line":59},"7":{"loc":{"start":{"line":67,"column":20},"end":{"line":71,"column":21}},"type":"if","locations":[{"start":{"line":67,"column":20},"end":{"line":71,"column":21}},{"start":{},"end":{}}],"line":67}},"s":{"0":3,"1":0,"2":0,"3":0,"4":0,"5":0,"6":0,"7":0,"8":0,"9":0,"10":0,"11":0,"12":0,"13":0,"14":0,"15":0,"16":0,"17":0,"18":0,"19":0,"20":0,"21":0,"22":0,"23":0,"24":0,"25":0,"26":0,"27":0,"28":0,"29":0,"30":0,"31":0,"32":0,"33":0,"34":0,"35":0,"36":0,"37":0,"38":0,"39":0,"40":0,"41":0,"42":0,"43":0},"f":{"0":0,"1":0,"2":0,"3":0,"4":0,"5":0,"6":0,"7":0,"8":0,"9":0,"10":0,"11":0},"b":{"0":[0,0],"1":[0,0],"2":[0,0],"3":[0,0],"4":[0,0],"5":[0,0],"6":[0,0],"7":[0,0]},"_coverageSchema":"1a1c01bbd47fc00a2c39e90264f33305004495a9","hash":"92313d0c9556847fce6ab0fce7764a89dab0cbaa"}
,"C:\\Users\\Danas\\Desktop\\webtech\\src\\backend\\controllers\\paymentControllers.js": {"path":"C:\\Users\\Danas\\Desktop\\webtech\\src\\backend\\controllers\\paymentControllers.js","statementMap":{"0":{"start":{"line":3,"column":29},"end":{"line":24,"column":1}},"1":{"start":{"line":4,"column":59},"end":{"line":4,"column":67}},"2":{"start":{"line":7,"column":2},"end":{"line":23,"column":4}},"3":{"start":{"line":12,"column":6},"end":{"line":15,"column":7}},"4":{"start":{"line":13,"column":8},"end":{"line":13,"column":55}},"5":{"start":{"line":14,"column":8},"end":{"line":14,"column":96}},"6":{"start":{"line":18,"column":6},"end":{"line":21,"column":9}}},"fnMap":{"0":{"name":"(anonymous_0)","decl":{"start":{"line":3,"column":29},"end":{"line":3,"column":30}},"loc":{"start":{"line":3,"column":43},"end":{"line":24,"column":1}},"line":3},"1":{"name":"(anonymous_1)","decl":{"start":{"line":11,"column":4},"end":{"line":11,"column":5}},"loc":{"start":{"line":11,"column":21},"end":{"line":22,"column":5}},"line":11}},"branchMap":{"0":{"loc":{"start":{"line":12,"column":6},"end":{"line":15,"column":7}},"type":"if","locations":[{"start":{"line":12,"column":6},"end":{"line":15,"column":7}},{"start":{},"end":{}}],"line":12}},"s":{"0":3,"1":0,"2":0,"3":0,"4":0,"5":0,"6":0},"f":{"0":0,"1":0},"b":{"0":[0,0]},"_coverageSchema":"1a1c01bbd47fc00a2c39e90264f33305004495a9","hash":"d636d2fc10cfa8a6846210c4b48b17fe62e1c6ee"}
,"C:\\Users\\Danas\\Desktop\\webtech\\src\\backend\\controllers\\promptpayControllers.js": {"path":"C:\\Users\\Danas\\Desktop\\webtech\\src\\backend\\controllers\\promptpayControllers.js","statementMap":{"0":{"start":{"line":6,"column":25},"end":{"line":77,"column":1}},"1":{"start":{"line":7,"column":2},"end":{"line":76,"column":3}},"2":{"start":{"line":9,"column":19},"end":{"line":9,"column":61}},"3":{"start":{"line":10,"column":24},"end":{"line":10,"column":43}},"4":{"start":{"line":13,"column":4},"end":{"line":19,"column":5}},"5":{"start":{"line":14,"column":6},"end":{"line":14,"column":45}},"6":{"start":{"line":15,"column":6},"end":{"line":18,"column":9}},"7":{"start":{"line":22,"column":4},"end":{"line":28,"column":5}},"8":{"start":{"line":23,"column":6},"end":{"line":23,"column":52}},"9":{"start":{"line":24,"column":6},"end":{"line":27,"column":9}},"10":{"start":{"line":31,"column":18},"end":{"line":31,"column":76}},"11":{"start":{"line":32,"column":4},"end":{"line":69,"column":7}},"12":{"start":{"line":33,"column":6},"end":{"line":36,"column":7}},"13":{"start":{"line":34,"column":8},"end":{"line":34,"column":53}},"14":{"start":{"line":35,"column":8},"end":{"line":35,"column":87}},"15":{"start":{"line":38,"column":6},"end":{"line":40,"column":7}},"16":{"start":{"line":39,"column":8},"end":{"line":39,"column":90}},"17":{"start":{"line":42,"column":26},"end":{"line":42,"column":49}},"18":{"start":{"line":44,"column":22},"end":{"line":44,"column":62}},"19":{"start":{"line":45,"column":22},"end":{"line":50,"column":7}},"20":{"start":{"line":52,"column":6},"end":{"line":52,"column":43}},"21":{"start":{"line":53,"column":6},"end":{"line":68,"column":9}},"22":{"start":{"line":54,"column":8},"end":{"line":60,"column":9}},"23":{"start":{"line":55,"column":10},"end":{"line":55,"column":59}},"24":{"start":{"line":56,"column":10},"end":{"line":59,"column":13}},"25":{"start":{"line":62,"column":8},"end":{"line":62,"column":54}},"26":{"start":{"line":63,"column":8},"end":{"line":67,"column":11}},"27":{"start":{"line":71,"column":4},"end":{"line":71,"column":62}},"28":{"start":{"line":72,"column":4},"end":{"line":75,"column":7}}},"fnMap":{"0":{"name":"(anonymous_0)","decl":{"start":{"line":6,"column":25},"end":{"line":6,"column":26}},"loc":{"start":{"line":6,"column":39},"end":{"line":77,"column":1}},"line":6},"1":{"name":"(anonymous_1)","decl":{"start":{"line":32,"column":45},"end":{"line":32,"column":46}},"loc":{"start":{"line":32,"column":63},"end":{"line":69,"column":5}},"line":32},"2":{"name":"(anonymous_2)","decl":{"start":{"line":53,"column":41},"end":{"line":53,"column":42}},"loc":{"start":{"line":53,"column":55},"end":{"line":68,"column":7}},"line":53}},"branchMap":{"0":{"loc":{"start":{"line":13,"column":4},"end":{"line":19,"column":5}},"type":"if","locations":[{"start":{"line":13,"column":4},"end":{"line":19,"column":5}},{"start":{},"end":{}}],"line":13},"1":{"loc":{"start":{"line":13,"column":8},"end":{"line":13,"column":36}},"type":"binary-expr","locations":[{"start":{"line":13,"column":8},"end":{"line":13,"column":21}},{"start":{"line":13,"column":25},"end":{"line":13,"column":36}}],"line":13},"2":{"loc":{"start":{"line":22,"column":4},"end":{"line":28,"column":5}},"type":"if","locations":[{"start":{"line":22,"column":4},"end":{"line":28,"column":5}},{"start":{},"end":{}}],"line":22},"3":{"loc":{"start":{"line":22,"column":8},"end":{"line":22,"column":42}},"type":"binary-expr","locations":[{"start":{"line":22,"column":8},"end":{"line":22,"column":20}},{"start":{"line":22,"column":24},"end":{"line":22,"column":42}}],"line":22},"4":{"loc":{"start":{"line":33,"column":6},"end":{"line":36,"column":7}},"type":"if","locations":[{"start":{"line":33,"column":6},"end":{"line":36,"column":7}},{"start":{},"end":{}}],"line":33},"5":{"loc":{"start":{"line":38,"column":6},"end":{"line":40,"column":7}},"type":"if","locations":[{"start":{"line":38,"column":6},"end":{"line":40,"column":7}},{"start":{},"end":{}}],"line":38},"6":{"loc":{"start":{"line":54,"column":8},"end":{"line":60,"column":9}},"type":"if","locations":[{"start":{"line":54,"column":8},"end":{"line":60,"column":9}},{"start":{},"end":{}}],"line":54}},"s":{"0":3,"1":0,"2":0,"3":0,"4":0,"5":0,"6":0,"7":0,"8":0,"9":0,"10":0,"11":0,"12":0,"13":0,"14":0,"15":0,"16":0,"17":0,"18":0,"19":0,"20":0,"21":0,"22":0,"23":0,"24":0,"25":0,"26":0,"27":0,"28":0},"f":{"0":0,"1":0,"2":0},"b":{"0":[0,0],"1":[0,0],"2":[0,0],"3":[0,0],"4":[0,0],"5":[0,0],"6":[0,0]},"_coverageSchema":"1a1c01bbd47fc00a2c39e90264f33305004495a9","hash":"e42016cbf25a251af4869717e3ffd19ac054a6fe"}
[...]
,"C:\\Users\\Danas\\Desktop\\webtech\\src\\backend\\middleware\\backend\\isAdmin.js": {"path":"C:\\Users\\Danas\\Desktop\\webtech\\src\\backend\\middleware\\backend\\isAdmin.js","statementMap":{"0":{"start":{"line":4,"column":0},"end":{"line":4,"column":16}},"1":{"start":{"line":6,"column":27},"end":{"line":27,"column":3}},"2":{"start":{"line":7,"column":18},"end":{"line":7,"column":58}},"3":{"start":{"line":9,"column":4},"end":{"line":11,"column":5}},"4":{"start":{"line":10,"column":6},"end":{"line":10,"column":90}},"5":{"start":{"line":13,"column":4},"end":{"line":26,"column":5}},"6":{"start":{"line":14,"column":22},"end":{"line":14,"column":72}},"7":{"start":{"line":15,"column":6},"end":{"line":17,"column":7}},"8":{"start":{"line":16,"column":8},"end":{"line":16,"column":95}},"9":{"start":{"line":18,"column":6},"end":{"line":18,"column":25}},"10":{"start":{"line":19,"column":6},"end":{"line":19,"column":13}},"11":{"start":{"line":21,"column":6},"end":{"line":21,"column":51}},"12":{"start":{"line":22,"column":6},"end":{"line":24,"column":7}},"13":{"start":{"line":23,"column":8},"end":{"line":23,"column":82}},"14":{"start":{"line":25,"column":6},"end":{"line":25,"column":80}}},"fnMap":{"0":{"name":"(anonymous_0)","decl":{"start":{"line":6,"column":27},"end":{"line":6,"column":28}},"loc":{"start":{"line":6,"column":47},"end":{"line":27,"column":3}},"line":6}},"branchMap":{"0":{"loc":{"start":{"line":9,"column":4},"end":{"line":11,"column":5}},"type":"if","locations":[{"start":{"line":9,"column":4},"end":{"line":11,"column":5}},{"start":{},"end":{}}],"line":9},"1":{"loc":{"start":{"line":15,"column":6},"end":{"line":17,"column":7}},"type":"if","locations":[{"start":{"line":15,"column":6},"end":{"line":17,"column":7}},{"start":{},"end":{}}],"line":15},"2":{"loc":{"start":{"line":22,"column":6},"end":{"line":24,"column":7}},"type":"if","locations":[{"start":{"line":22,"column":6},"end":{"line":24,"column":7}},{"start":{},"end":{}}],"line":22}},"s":{"0":3,"1":3,"2":13,"3":13,"4":0,"5":13,"6":13,"7":13,"8":0,"9":13,"10":13,"11":0,"12":0,"13":0,"14":0},"f":{"0":13},"b":{"0":[0,13],"1":[0,13],"2":[0,0]},"_coverageSchema":"1a1c01bbd47fc00a2c39e90264f33305004495a9","hash":"6ff7e8f6be5968d635904be9c6fb4f23d585af1e"}
,"C:\\Users\\Danas\\Desktop\\webtech\\src\\backend\\middleware\\backend\\isAuth.js": {"path":"C:\\Users\\Danas\\Desktop\\webtech\\src\\backend\\middleware\\backend\\isAuth.js","statementMap":{"0":{"start":{"line":4,"column":0},"end":{"line":4,"column":16}},"1":{"start":{"line":6,"column":31},"end":{"line":19,"column":3}},"2":{"start":{"line":7,"column":18},"end":{"line":7,"column":61}},"3":{"start":{"line":8,"column":4},"end":{"line":10,"column":5}},"4":{"start":{"line":9,"column":8},"end":{"line":9,"column":81}},"5":{"start":{"line":12,"column":4},"end":{"line":18,"column":7}},"6":{"start":{"line":13,"column":8},"end":{"line":15,"column":9}},"7":{"start":{"line":14,"column":12},"end":{"line":14,"column":82}},"8":{"start":{"line":16,"column":8},"end":{"line":16,"column":24}},"9":{"start":{"line":17,"column":8},"end":{"line":17,"column":15}}},"fnMap":{"0":{"name":"(anonymous_0)","decl":{"start":{"line":6,"column":31},"end":{"line":6,"column":32}},"loc":{"start":{"line":6,"column":51},"end":{"line":19,"column":3}},"line":6},"1":{"name":"(anonymous_1)","decl":{"start":{"line":12,"column":55},"end":{"line":12,"column":56}},"loc":{"start":{"line":12,"column":70},"end":{"line":18,"column":5}},"line":12}},"branchMap":{"0":{"loc":{"start":{"line":8,"column":4},"end":{"line":10,"column":5}},"type":"if","locations":[{"start":{"line":8,"column":4},"end":{"line":10,"column":5}},{"start":{},"end":{}}],"line":8},"1":{"loc":{"start":{"line":13,"column":8},"end":{"line":15,"column":9}},"type":"if","locations":[{"start":{"line":13,"column":8},"end":{"line":15,"column":9}},{"start":{},"end":{}}],"line":13}},"s":{"0":3,"1":3,"2":2,"3":2,"4":0,"5":2,"6":2,"7":2,"8":0,"9":0},"f":{"0":2,"1":2},"b":{"0":[0,2],"1":[2,0]},"_coverageSchema":"1a1c01bbd47fc00a2c39e90264f33305004495a9","hash":"a902c6a8c2feb88dd5832d6801779b8cc0f81c73"}
,"C:\\Users\\Danas\\Desktop\\webtech\\src\\backend\\middleware\\backend\\isValidatorOrAdmin.js": {"path":"C:\\Users\\Danas\\Desktop\\webtech\\src\\backend\\middleware\\backend\\isValidatorOrAdmin.js","statementMap":{"0":{"start":{"line":4,"column":0},"end":{"line":4,"column":16}},"1":{"start":{"line":6,"column":34},"end":{"line":28,"column":3}},"2":{"start":{"line":7,"column":18},"end":{"line":7,"column":58}},"3":{"start":{"line":9,"column":4},"end":{"line":11,"column":5}},"4":{"start":{"line":10,"column":6},"end":{"line":10,"column":90}},"5":{"start":{"line":13,"column":4},"end":{"line":27,"column":5}},"6":{"start":{"line":14,"column":22},"end":{"line":14,"column":72}},"7":{"start":{"line":15,"column":6},"end":{"line":18,"column":7}},"8":{"start":{"line":17,"column":8},"end":{"line":17,"column":95}},"9":{"start":{"line":19,"column":6},"end":{"line":19,"column":25}},"10":{"start":{"line":20,"column":6},"end":{"line":20,"column":13}},"11":{"start":{"line":22,"column":6},"end":{"line":22,"column":51}},"12":{"start":{"line":23,"column":6},"end":{"line":25,"column":7}},"13":{"start":{"line":24,"column":8},"end":{"line":24,"column":82}},"14":{"start":{"line":26,"column":6},"end":{"line":26,"column":80}}},"fnMap":{"0":{"name":"(anonymous_0)","decl":{"start":{"line":6,"column":34},"end":{"line":6,"column":35}},"loc":{"start":{"line":6,"column":54},"end":{"line":28,"column":3}},"line":6}},"branchMap":{"0":{"loc":{"start":{"line":9,"column":4},"end":{"line":11,"column":5}},"type":"if","locations":[{"start":{"line":9,"column":4},"end":{"line":11,"column":5}},{"start":{},"end":{}}],"line":9},"1":{"loc":{"start":{"line":15,"column":6},"end":{"line":18,"column":7}},"type":"if","locations":[{"start":{"line":15,"column":6},"end":{"line":18,"column":7}},{"start":{},"end":{}}],"line":15},"2":{"loc":{"start":{"line":15,"column":10},"end":{"line":15,"column":66}},"type":"binary-expr","locations":[{"start":{"line":15,"column":10},"end":{"line":15,"column":38}},{"start":{"line":15,"column":42},"end":{"line":15,"column":66}}],"line":15},"3":{"loc":{"start":{"line":23,"column":6},"end":{"line":25,"column":7}},"type":"if","locations":[{"start":{"line":23,"column":6},"end":{"line":25,"column":7}},{"start":{},"end":{}}],"line":23}},"s":{"0":3,"1":3,"2":7,"3":7,"4":0,"5":7,"6":7,"7":7,"8":1,"9":6,"10":6,"11":0,"12":0,"13":0,"14":0},"f":{"0":7},"b":{"0":[0,7],"1":[1,6],"2":[7,7],"3":[0,0]},"_coverageSchema":"1a1c01bbd47fc00a2c39e90264f33305004495a9","hash":"e4c517365e9ad377d375b6893fc905424fa0245b"}
,"C:\\Users\\Danas\\Desktop\\webtech\\src\\backend\\middleware\\frontend\\getenv.js": {"path":"C:\\Users\\Danas\\Desktop\\webtech\\src\\backend\\middleware\\frontend\\getenv.js","statementMap":{"0":{"start":{"line":3,"column":0},"end":{"line":3,"column":35}},"1":{"start":{"line":5,"column":27},"end":{"line":16,"column":3}},"2":{"start":{"line":6,"column":2},"end":{"line":15,"column":5}},"3":{"start":{"line":7,"column":19},"end":{"line":9,"column":5}},"4":{"start":{"line":11,"column":4},"end":{"line":11,"column":21}},"5":{"start":{"line":13,"column":6},"end":{"line":13,"column":53}},"6":{"start":{"line":14,"column":6},"end":{"line":14,"column":63}},"7":{"start":{"line":19,"column":28},"end":{"line":30,"column":3}},"8":{"start":{"line":20,"column":2},"end":{"line":29,"column":5}},"9":{"start":{"line":21,"column":17},"end":{"line":23,"column":5}},"10":{"start":{"line":25,"column":4},"end":{"line":25,"column":21}},"11":{"start":{"line":27,"column":6},"end":{"line":27,"column":53}},"12":{"start":{"line":28,"column":6},"end":{"line":28,"column":63}},"13":{"start":{"line":32,"column":26},"end":{"line":43,"column":3}},"14":{"start":{"line":33,"column":4},"end":{"line":42,"column":5}},"15":{"start":{"line":34,"column":19},"end":{"line":36,"column":5}},"16":{"start":{"line":38,"column":4},"end":{"line":38,"column":21}},"17":{"start":{"line":40,"column":6},"end":{"line":40,"column":53}},"18":{"start":{"line":41,"column":6},"end":{"line":41,"column":63}},"19":{"start":{"line":45,"column":27},"end":{"line":58,"column":3}},"20":{"start":{"line":46,"column":4},"end":{"line":57,"column":5}},"21":{"start":{"line":47,"column":21},"end":{"line":51,"column":7}},"22":{"start":{"line":53,"column":6},"end":{"line":53,"column":23}},"23":{"start":{"line":55,"column":6},"end":{"line":55,"column":53}},"24":{"start":{"line":56,"column":6},"end":{"line":56,"column":63}}},"fnMap":{"0":{"name":"(anonymous_0)","decl":{"start":{"line":5,"column":27},"end":{"line":5,"column":28}},"loc":{"start":{"line":5,"column":41},"end":{"line":16,"column":3}},"line":5},"1":{"name":"(anonymous_1)","decl":{"start":{"line":19,"column":28},"end":{"line":19,"column":29}},"loc":{"start":{"line":19,"column":42},"end":{"line":30,"column":3}},"line":19},"2":{"name":"(anonymous_2)","decl":{"start":{"line":32,"column":26},"end":{"line":32,"column":27}},"loc":{"start":{"line":32,"column":40},"end":{"line":43,"column":3}},"line":32},"3":{"name":"(anonymous_3)","decl":{"start":{"line":45,"column":27},"end":{"line":45,"column":28}},"loc":{"start":{"line":45,"column":41},"end":{"line":58,"column":3}},"line":45}},"branchMap":{},"s":{"0":3,"1":3,"2":0,"3":0,"4":0,"5":0,"6":0,"7":3,"8":0,"9":0,"10":0,"11":0,"12":0,"13":3,"14":0,"15":0,"16":0,"17":0,"18":0,"19":3,"20":0,"21":0,"22":0,"23":0,"24":0},"f":{"0":0,"1":0,"2":0,"3":0},"b":{},"_coverageSchema":"1a1c01bbd47fc00a2c39e90264f33305004495a9","hash":"e344eab2a42221128d5b4363338bbe9d30f48a95"}
,"C:\\Users\\Danas\\Desktop\\webtech\\src\\backend\\routes\\admin.js": {"path":"C:\\Users\\Danas\\Desktop\\webtech\\src\\backend\\routes\\admin.js","statementMap":{"0":{"start":{"line":8,"column":15},"end":{"line":8,"column":31}},"1":{"start":{"line":10,"column":0},"end":{"line":10,"column":51}},"2":{"start":{"line":11,"column":0},"end":{"line":11,"column":55}},"3":{"start":{"line":12,"column":0},"end":{"line":12,"column":59}},"4":{"start":{"line":13,"column":0},"end":{"line":13,"column":60}},"5":{"start":{"line":14,"column":0},"end":{"line":14,"column":61}},"6":{"start":{"line":15,"column":0},"end":{"line":15,"column":70}},"7":{"start":{"line":16,"column":0},"end":{"line":16,"column":76}},"8":{"start":{"line":17,"column":0},"end":{"line":17,"column":64}}},"fnMap":{},"branchMap":{},"s":{"0":3,"1":3,"2":3,"3":3,"4":3,"5":3,"6":3,"7":3,"8":3},"f":{},"b":{},"_coverageSchema":"1a1c01bbd47fc00a2c39e90264f33305004495a9","hash":"b27ad5fa2fee4faf42f2a2b3702f598d77f2e72f"}
,"C:\\Users\\Danas\\Desktop\\webtech\\src\\backend\\routes\\auth.js": {"path":"C:\\Users\\Danas\\Desktop\\webtech\\src\\backend\\routes\\auth.js","statementMap":{"0":{"start":{"line":8,"column":15},"end":{"line":8,"column":31}},"1":{"start":{"line":10,"column":0},"end":{"line":10,"column":29}},"2":{"start":{"line":11,"column":0},"end":{"line":11,"column":32}},"3":{"start":{"line":12,"column":0},"end":{"line":14,"column":3}},"4":{"start":{"line":13,"column":4},"end":{"line":13,"column":24}},"5":{"start":{"line":15,"column":0},"end":{"line":15,"column":44}},"6":{"start":{"line":16,"column":0},"end":{"line":20,"column":3}},"7":{"start":{"line":17,"column":4},"end":{"line":17,"column":32}},"8":{"start":{"line":19,"column":4},"end":{"line":19,"column":59}}},"fnMap":{"0":{"name":"(anonymous_0)","decl":{"start":{"line":12,"column":43},"end":{"line":12,"column":44}},"loc":{"start":{"line":12,"column":57},"end":{"line":14,"column":1}},"line":12},"1":{"name":"(anonymous_1)","decl":{"start":{"line":16,"column":24},"end":{"line":16,"column":25}},"loc":{"start":{"line":16,"column":44},"end":{"line":18,"column":1}},"line":16},"2":{"name":"(anonymous_2)","decl":{"start":{"line":18,"column":3},"end":{"line":18,"column":4}},"loc":{"start":{"line":18,"column":17},"end":{"line":20,"column":1}},"line":18}},"branchMap":{},"s":{"0":3,"1":3,"2":3,"3":3,"4":0,"5":3,"6":3,"7":2,"8":1},"f":{"0":0,"1":2,"2":1},"b":{},"_coverageSchema":"1a1c01bbd47fc00a2c39e90264f33305004495a9","hash":"6c5045a3d9758260c537c965447e2962b9a7e519"}
,"C:\\Users\\Danas\\Desktop\\webtech\\src\\backend\\routes\\badge.js": {"path":"C:\\Users\\Danas\\Desktop\\webtech\\src\\backend\\routes\\badge.js","statementMap":{"0":{"start":{"line":5,"column":15},"end":{"line":5,"column":31}},"1":{"start":{"line":7,"column":0},"end":{"line":7,"column":39}},"2":{"start":{"line":8,"column":0},"end":{"line":8,"column":48}},"3":{"start":{"line":9,"column":0},"end":{"line":9,"column":53}},"4":{"start":{"line":10,"column":0},"end":{"line":10,"column":50}}},"fnMap":{},"branchMap":{},"s":{"0":3,"1":3,"2":3,"3":3,"4":3},"f":{},"b":{},"_coverageSchema":"1a1c01bbd47fc00a2c39e90264f33305004495a9","hash":"e513f96c68846f41dd8ddbf746e9517ef4853353"}
,"C:\\Users\\Danas\\Desktop\\webtech\\src\\backend\\routes\\campaign.js": {"path":"C:\\Users\\Danas\\Desktop\\webtech\\src\\backend\\routes\\campaign.js","statementMap":{"0":{"start":{"line":6,"column":15},"end":{"line":6,"column":31}},"1":{"start":{"line":9,"column":0},"end":{"line":9,"column":83}},"2":{"start":{"line":10,"column":0},"end":{"line":10,"column":30}},"3":{"start":{"line":11,"column":0},"end":{"line":11,"column":64}},"4":{"start":{"line":12,"column":0},"end":{"line":12,"column":66}}},"fnMap":{},"branchMap":{},"s":{"0":3,"1":3,"2":3,"3":3,"4":3},"f":{},"b":{},"_coverageSchema":"1a1c01bbd47fc00a2c39e90264f33305004495a9","hash":"c4fd9edfc069ead703c362f929482ffce7ede8be"}
,"C:\\Users\\Danas\\Desktop\\webtech\\src\\backend\\routes\\check-connection.js": {"path":"C:\\Users\\Danas\\Desktop\\webtech\\src\\backend\\routes\\check-connection.js","statementMap":{"0":{"start":{"line":4,"column":15},"end":{"line":4,"column":31}},"1":{"start":{"line":6,"column":0},"end":{"line":16,"column":3}},"2":{"start":{"line":7,"column":4},"end":{"line":7,"column":49}},"3":{"start":{"line":8,"column":2},"end":{"line":15,"column":5}},"4":{"start":{"line":9,"column":4},"end":{"line":13,"column":5}},"5":{"start":{"line":10,"column":6},"end":{"line":10,"column":51}},"6":{"start":{"line":11,"column":6},"end":{"line":11,"column":81}},"7":{"start":{"line":12,"column":6},"end":{"line":12,"column":13}},"8":{"start":{"line":14,"column":4},"end":{"line":14,"column":86}}},"fnMap":{"0":{"name":"(anonymous_0)","decl":{"start":{"line":6,"column":32},"end":{"line":6,"column":33}},"loc":{"start":{"line":6,"column":46},"end":{"line":16,"column":1}},"line":6},"1":{"name":"(anonymous_1)","decl":{"start":{"line":8,"column":42},"end":{"line":8,"column":43}},"loc":{"start":{"line":8,"column":60},"end":{"line":15,"column":3}},"line":8}},"branchMap":{"0":{"loc":{"start":{"line":9,"column":4},"end":{"line":13,"column":5}},"type":"if","locations":[{"start":{"line":9,"column":4},"end":{"line":13,"column":5}},{"start":{},"end":{}}],"line":9}},"s":{"0":3,"1":3,"2":0,"3":0,"4":0,"5":0,"6":0,"7":0,"8":0},"f":{"0":0,"1":0},"b":{"0":[0,0]},"_coverageSchema":"1a1c01bbd47fc00a2c39e90264f33305004495a9","hash":"6ea34551bd71fe706efa9983f13edd8b66cfa651"}
,"C:\\Users\\Danas\\Desktop\\webtech\\src\\backend\\routes\\comment.js": {"path":"C:\\Users\\Danas\\Desktop\\webtech\\src\\backend\\routes\\comment.js","statementMap":{"0":{"start":{"line":4,"column":15},"end":{"line":4,"column":31}},"1":{"start":{"line":7,"column":0},"end":{"line":7,"column":55}},"2":{"start":{"line":8,"column":0},"end":{"line":8,"column":50}},"3":{"start":{"line":9,"column":0},"end":{"line":9,"column":72}},"4":{"start":{"line":10,"column":0},"end":{"line":10,"column":67}},"5":{"start":{"line":11,"column":0},"end":{"line":11,"column":59}}},"fnMap":{},"branchMap":{},"s":{"0":3,"1":3,"2":3,"3":3,"4":3,"5":3},"f":{},"b":{},"_coverageSchema":"1a1c01bbd47fc00a2c39e90264f33305004495a9","hash":"3fe08f653b4171d80ac6d3434a0fdcff630f84de"}
,"C:\\Users\\Danas\\Desktop\\webtech\\src\\backend\\routes\\getenv.js": {"path":"C:\\Users\\Danas\\Desktop\\webtech\\src\\backend\\routes\\getenv.js","statementMap":{"0":{"start":{"line":3,"column":15},"end":{"line":3,"column":31}},"1":{"start":{"line":5,"column":0},"end":{"line":5,"column":36}},"2":{"start":{"line":6,"column":0},"end":{"line":6,"column":32}},"3":{"start":{"line":7,"column":0},"end":{"line":7,"column":34}},"4":{"start":{"line":8,"column":0},"end":{"line":8,"column":28}}},"fnMap":{},"branchMap":{},"s":{"0":3,"1":3,"2":3,"3":3,"4":3},"f":{},"b":{},"_coverageSchema":"1a1c01bbd47fc00a2c39e90264f33305004495a9","hash":"a192cb2637eabd13a21d14e84b5d345dc05d50a9"}
,"C:\\Users\\Danas\\Desktop\\webtech\\src\\backend\\routes\\transaction.js": {"path":"C:\\Users\\Danas\\Desktop\\webtech\\src\\backend\\routes\\transaction.js","statementMap":{"0":{"start":{"line":7,"column":15},"end":{"line":7,"column":31}},"1":{"start":{"line":9,"column":0},"end":{"line":9,"column":68}},"2":{"start":{"line":10,"column":0},"end":{"line":10,"column":71}},"3":{"start":{"line":11,"column":0},"end":{"line":11,"column":68}}},"fnMap":{},"branchMap":{},"s":{"0":3,"1":3,"2":3,"3":3},"f":{},"b":{},"_coverageSchema":"1a1c01bbd47fc00a2c39e90264f33305004495a9","hash":"18290ed1d51a4fc1845264240131e8077eaea9fc"}
,"C:\\Users\\Danas\\Desktop\\webtech\\src\\backend\\routes\\view.js": {"path":"C:\\Users\\Danas\\Desktop\\webtech\\src\\backend\\routes\\view.js","statementMap":{"0":{"start":{"line":8,"column":15},"end":{"line":8,"column":31}},"1":{"start":{"line":10,"column":0},"end":{"line":10,"column":38}},"2":{"start":{"line":11,"column":0},"end":{"line":11,"column":65}},"3":{"start":{"line":12,"column":0},"end":{"line":12,"column":46}},"4":{"start":{"line":13,"column":0},"end":{"line":13,"column":43}},"5":{"start":{"line":14,"column":0},"end":{"line":14,"column":49}},"6":{"start":{"line":15,"column":0},"end":{"line":15,"column":48}},"7":{"start":{"line":16,"column":0},"end":{"line":16,"column":39}},"8":{"start":{"line":17,"column":0},"end":{"line":17,"column":43}},"9":{"start":{"line":18,"column":0},"end":{"line":18,"column":46}},"10":{"start":{"line":19,"column":0},"end":{"line":19,"column":66}},"11":{"start":{"line":20,"column":0},"end":{"line":20,"column":63}}},"fnMap":{},"branchMap":{},"s":{"0":3,"1":3,"2":3,"3":3,"4":3,"5":3,"6":3,"7":3,"8":3,"9":3,"10":3,"11":3},"f":{},"b":{},"_coverageSchema":"1a1c01bbd47fc00a2c39e90264f33305004495a9","hash":"6f85f69aa422b3bf552f1b076507b1c90c3c78a9"}
}
