TN:
SF:src\backend\db.js
FNF:0
FNH:0
DA:4,3
DA:6,3
LF:2
LH:2
BRF:0
BRH:0
end_of_record
TN:
SF:src\backend\server.js
FN:53,(anonymous_0)
FN:58,(anonymous_1)
FN:66,(anonymous_2)
FN:93,(anonymous_3)
FN:98,(anonymous_4)
FN:104,(anonymous_5)
FN:143,(anonymous_6)
FN:149,(anonymous_7)
FNF:8
FNH:4
FNDA:37,(anonymous_0)
FNDA:0,(anonymous_1)
FNDA:0,(anonymous_2)
FNDA:0,(anonymous_3)
FNDA:3,(anonymous_4)
FNDA:0,(anonymous_5)
FNDA:7,(anonymous_6)
FNDA:7,(anonymous_7)
DA:21,3
DA:23,3
DA:24,3
DA:25,3
DA:27,3
DA:32,3
DA:34,3
DA:35,3
DA:38,3
DA:44,3
DA:46,3
DA:53,3
DA:54,37
DA:55,37
DA:58,3
DA:59,0
DA:60,0
DA:61,0
DA:62,0
DA:63,0
DA:66,3
DA:67,0
DA:68,0
DA:69,0
DA:70,0
DA:71,0
DA:76,3
DA:77,3
DA:78,3
DA:79,3
DA:80,3
DA:81,3
DA:82,3
DA:83,3
DA:84,3
DA:85,3
DA:86,3
DA:87,3
DA:93,3
DA:94,0
DA:95,0
DA:98,3
DA:99,3
DA:103,3
DA:104,0
DA:105,0
DA:106,0
DA:108,0
DA:113,3
DA:120,3
DA:134,3
DA:137,3
DA:140,3
DA:143,3
DA:144,7
DA:145,7
DA:149,3
DA:150,7
DA:151,7
LF:59
LH:43
BRDA:103,0,0,0
BRDA:103,0,1,3
BRDA:105,1,0,0
BRDA:105,1,1,0
BRF:4
BRH:1
end_of_record
TN:
SF:src\backend\controllers\adminControllers.js
FN:4,(anonymous_0)
FN:35,(anonymous_1)
FN:50,(anonymous_2)
FN:60,(anonymous_3)
FN:70,(anonymous_4)
FN:77,(anonymous_5)
FN:86,(anonymous_6)
FN:120,(anonymous_7)
FN:134,(anonymous_8)
FN:146,(anonymous_9)
FN:168,(anonymous_10)
FN:178,(anonymous_11)
FN:188,(anonymous_12)
FN:198,(anonymous_13)
FN:233,(anonymous_14)
FN:247,(anonymous_15)
FN:267,(anonymous_16)
FN:283,(anonymous_17)
FNF:18
FNH:18
FNDA:2,(anonymous_0)
FNDA:2,(anonymous_1)
FNDA:2,(anonymous_2)
FNDA:2,(anonymous_3)
FNDA:2,(anonymous_4)
FNDA:2,(anonymous_5)
FNDA:2,(anonymous_6)
FNDA:2,(anonymous_7)
FNDA:3,(anonymous_8)
FNDA:3,(anonymous_9)
FNDA:1,(anonymous_10)
FNDA:2,(anonymous_11)
FNDA:2,(anonymous_12)
FNDA:4,(anonymous_13)
FNDA:4,(anonymous_14)
FNDA:2,(anonymous_15)
FNDA:2,(anonymous_16)
FNDA:1,(anonymous_17)
DA:4,3
DA:7,2
DA:35,2
DA:36,2
DA:37,1
DA:38,1
DA:42,1
DA:50,3
DA:51,2
DA:52,2
DA:55,2
DA:60,2
DA:61,2
DA:62,1
DA:63,1
DA:65,1
DA:70,3
DA:71,2
DA:74,2
DA:77,2
DA:78,2
DA:79,1
DA:80,1
DA:82,1
DA:86,3
DA:88,2
DA:120,2
DA:121,2
DA:122,1
DA:123,1
DA:126,1
DA:130,1
DA:134,3
DA:135,3
DA:136,3
DA:139,3
DA:140,0
DA:144,3
DA:146,3
DA:147,3
DA:148,1
DA:149,1
DA:151,2
DA:152,0
DA:155,2
DA:157,2
DA:159,1
DA:163,1
DA:168,1
DA:169,1
DA:170,0
DA:171,0
DA:173,1
DA:178,3
DA:179,2
DA:180,2
DA:183,2
DA:184,0
DA:187,2
DA:188,2
DA:189,2
DA:190,1
DA:191,1
DA:193,1
DA:198,3
DA:200,4
DA:233,4
DA:234,4
DA:235,2
DA:236,2
DA:239,2
DA:243,2
DA:247,3
DA:248,2
DA:249,2
DA:250,2
DA:251,2
DA:252,2
DA:254,2
DA:255,0
DA:258,2
DA:261,2
DA:267,2
DA:268,2
DA:269,1
DA:270,1
DA:274,1
DA:275,0
DA:279,1
DA:283,1
DA:284,1
DA:285,0
DA:286,0
DA:289,1
LF:94
LH:85
BRDA:36,0,0,1
BRDA:36,0,1,1
BRDA:61,1,0,1
BRDA:61,1,1,1
BRDA:78,2,0,1
BRDA:78,2,1,1
BRDA:121,3,0,1
BRDA:121,3,1,1
BRDA:139,4,0,0
BRDA:139,4,1,3
BRDA:147,5,0,1
BRDA:147,5,1,2
BRDA:151,6,0,0
BRDA:151,6,1,2
BRDA:157,7,0,1
BRDA:157,7,1,1
BRDA:169,8,0,0
BRDA:169,8,1,1
BRDA:183,9,0,0
BRDA:183,9,1,2
BRDA:189,10,0,1
BRDA:189,10,1,1
BRDA:234,11,0,2
BRDA:234,11,1,2
BRDA:254,12,0,0
BRDA:254,12,1,2
BRDA:254,13,0,2
BRDA:254,13,1,0
BRDA:268,14,0,1
BRDA:268,14,1,1
BRDA:274,15,0,0
BRDA:274,15,1,1
BRDA:284,16,0,0
BRDA:284,16,1,1
BRF:34
BRH:26
end_of_record
TN:
SF:src\backend\controllers\authControllers.js
FN:14,(anonymous_0)
FN:24,(anonymous_1)
FN:33,(anonymous_2)
FN:39,(anonymous_3)
FN:49,(anonymous_4)
FN:53,(anonymous_5)
FN:63,(anonymous_6)
FN:64,(anonymous_7)
FN:65,(anonymous_8)
FN:80,(anonymous_9)
FN:89,(anonymous_10)
FN:124,(anonymous_11)
FN:128,(anonymous_12)
FN:137,(anonymous_13)
FN:142,(anonymous_14)
FN:155,(anonymous_15)
FNF:16
FNH:10
FNDA:1,(anonymous_0)
FNDA:0,(anonymous_1)
FNDA:2,(anonymous_2)
FNDA:2,(anonymous_3)
FNDA:0,(anonymous_4)
FNDA:0,(anonymous_5)
FNDA:0,(anonymous_6)
FNDA:0,(anonymous_7)
FNDA:0,(anonymous_8)
FNDA:2,(anonymous_9)
FNDA:2,(anonymous_10)
FNDA:3,(anonymous_11)
FNDA:2,(anonymous_12)
FNDA:1,(anonymous_13)
FNDA:1,(anonymous_14)
FNDA:1,(anonymous_15)
DA:6,3
DA:9,3
DA:10,0
DA:14,3
DA:15,1
DA:16,1
DA:24,3
DA:25,0
DA:33,3
DA:34,2
DA:35,2
DA:36,0
DA:39,2
DA:40,2
DA:41,1
DA:43,1
DA:44,1
DA:49,3
DA:50,0
DA:51,0
DA:53,0
DA:54,0
DA:55,0
DA:56,0
DA:57,0
DA:58,0
DA:63,3
DA:64,0
DA:65,0
DA:67,0
DA:69,0
DA:70,0
DA:71,0
DA:73,0
DA:80,3
DA:81,2
DA:82,2
DA:85,2
DA:86,0
DA:89,2
DA:90,2
DA:91,0
DA:92,0
DA:95,2
DA:96,1
DA:99,1
DA:100,1
DA:102,1
DA:103,0
DA:104,0
DA:106,0
DA:113,1
DA:117,0
DA:118,0
DA:124,3
DA:125,3
DA:126,3
DA:128,2
DA:129,2
DA:131,1
DA:132,1
DA:137,3
DA:138,1
DA:140,1
DA:142,1
DA:143,1
DA:144,0
DA:145,0
DA:147,1
DA:148,0
DA:152,1
DA:153,1
DA:156,1
DA:157,0
DA:158,0
DA:160,1
DA:165,0
DA:166,0
LF:78
LH:45
BRDA:9,0,0,0
BRDA:9,0,1,3
BRDA:9,1,0,3
BRDA:9,1,1,3
BRDA:35,2,0,0
BRDA:35,2,1,2
BRDA:40,3,0,1
BRDA:40,3,1,1
BRDA:51,4,0,0
BRDA:51,4,1,0
BRDA:54,5,0,0
BRDA:54,5,1,0
BRDA:64,6,0,0
BRDA:64,6,1,0
BRDA:67,7,0,0
BRDA:67,7,1,0
BRDA:67,8,0,0
BRDA:67,8,1,0
BRDA:85,9,0,0
BRDA:85,9,1,2
BRDA:85,10,0,2
BRDA:85,10,1,2
BRDA:90,11,0,0
BRDA:90,11,1,2
BRDA:95,12,0,1
BRDA:95,12,1,1
BRDA:102,13,0,0
BRDA:102,13,1,1
BRDA:126,14,0,1
BRDA:126,14,1,2
BRDA:129,15,0,1
BRDA:129,15,1,1
BRDA:143,16,0,0
BRDA:143,16,1,1
BRDA:147,17,0,0
BRDA:147,17,1,1
BRDA:156,18,0,0
BRDA:156,18,1,1
BRF:38
BRH:20
end_of_record
TN:
SF:src\backend\controllers\badgeControllers.js
FN:7,(anonymous_0)
FN:8,(anonymous_1)
FN:9,(anonymous_2)
FN:19,(anonymous_3)
FN:39,(anonymous_4)
FN:55,(anonymous_5)
FN:74,(anonymous_6)
FNF:7
FNH:0
FNDA:0,(anonymous_0)
FNDA:0,(anonymous_1)
FNDA:0,(anonymous_2)
FNDA:0,(anonymous_3)
FNDA:0,(anonymous_4)
FNDA:0,(anonymous_5)
FNDA:0,(anonymous_6)
DA:5,3
DA:7,3
DA:8,0
DA:9,0
DA:10,0
DA:11,0
DA:13,0
DA:19,3
DA:20,0
DA:22,0
DA:23,0
DA:26,0
DA:27,0
DA:31,0
DA:33,0
DA:34,0
DA:39,3
DA:40,0
DA:42,0
DA:43,0
DA:44,0
DA:45,0
DA:47,0
DA:49,0
DA:50,0
DA:55,3
DA:56,0
DA:57,0
DA:59,0
DA:60,0
DA:64,0
DA:65,0
DA:67,0
DA:69,0
DA:70,0
DA:74,3
DA:75,0
DA:76,0
DA:77,0
DA:79,0
DA:80,0
LF:41
LH:6
BRDA:10,0,0,0
BRDA:10,0,1,0
BRDA:22,1,0,0
BRDA:22,1,1,0
BRDA:22,2,0,0
BRDA:22,2,1,0
BRDA:22,2,2,0
BRDA:44,3,0,0
BRDA:44,3,1,0
BRDA:64,4,0,0
BRDA:64,4,1,0
BRF:11
BRH:0
end_of_record
TN:
SF:src\backend\controllers\campaignControllers.js
FN:5,(anonymous_0)
FN:21,(anonymous_1)
FN:41,(anonymous_2)
FN:53,(anonymous_3)
FN:71,(anonymous_4)
FN:97,(anonymous_5)
FN:112,(anonymous_6)
FN:114,(anonymous_7)
FN:125,(anonymous_8)
FN:134,(anonymous_9)
FNF:10
FNH:0
FNDA:0,(anonymous_0)
FNDA:0,(anonymous_1)
FNDA:0,(anonymous_2)
FNDA:0,(anonymous_3)
FNDA:0,(anonymous_4)
FNDA:0,(anonymous_5)
FNDA:0,(anonymous_6)
FNDA:0,(anonymous_7)
FNDA:0,(anonymous_8)
FNDA:0,(anonymous_9)
DA:5,3
DA:6,0
DA:7,0
DA:10,0
DA:11,0
DA:12,0
DA:15,0
DA:16,0
DA:20,0
DA:21,0
DA:22,0
DA:23,0
DA:24,0
DA:27,0
DA:28,0
DA:31,0
DA:34,0
DA:38,0
DA:42,0
DA:43,0
DA:44,0
DA:47,0
DA:50,0
DA:53,0
DA:54,0
DA:55,0
DA:56,0
DA:59,0
DA:71,3
DA:72,0
DA:73,0
DA:75,0
DA:76,0
DA:77,0
DA:80,0
DA:82,0
DA:83,0
DA:87,0
DA:88,0
DA:91,0
DA:97,0
DA:98,0
DA:99,0
DA:100,0
DA:103,0
DA:104,0
DA:107,0
DA:112,3
DA:113,0
DA:114,0
DA:115,0
DA:116,0
DA:117,0
DA:119,0
DA:125,3
DA:126,0
DA:129,0
DA:130,0
DA:133,0
DA:134,0
DA:135,0
DA:136,0
DA:137,0
DA:139,0
LF:64
LH:4
BRDA:6,0,0,0
BRDA:6,0,1,0
BRDA:15,1,0,0
BRDA:15,1,1,0
BRDA:15,2,0,0
BRDA:15,2,1,0
BRDA:15,2,2,0
BRDA:15,2,3,0
BRDA:15,2,4,0
BRDA:15,2,5,0
BRDA:15,2,6,0
BRDA:15,2,7,0
BRDA:22,3,0,0
BRDA:22,3,1,0
BRDA:27,4,0,0
BRDA:27,4,1,0
BRDA:42,5,0,0
BRDA:42,5,1,0
BRDA:54,6,0,0
BRDA:54,6,1,0
BRDA:72,7,0,0
BRDA:72,7,1,0
BRDA:76,8,0,0
BRDA:76,8,1,0
BRDA:87,9,0,0
BRDA:87,9,1,0
BRDA:87,10,0,0
BRDA:87,10,1,0
BRDA:87,10,2,0
BRDA:87,10,3,0
BRDA:98,11,0,0
BRDA:98,11,1,0
BRDA:103,12,0,0
BRDA:103,12,1,0
BRDA:115,13,0,0
BRDA:115,13,1,0
BRDA:129,14,0,0
BRDA:129,14,1,0
BRDA:135,15,0,0
BRDA:135,15,1,0
BRF:40
BRH:0
end_of_record
TN:
SF:src\backend\controllers\commentControllers.js
FN:7,(anonymous_0)
FN:18,(anonymous_1)
FN:29,(anonymous_2)
FN:39,(anonymous_3)
FN:50,(anonymous_4)
FN:62,(anonymous_5)
FN:67,(anonymous_6)
FN:78,(anonymous_7)
FN:89,(anonymous_8)
FN:101,(anonymous_9)
FN:108,(anonymous_10)
FN:123,(anonymous_11)
FN:139,(anonymous_12)
FN:160,(anonymous_13)
FNF:14
FNH:0
FNDA:0,(anonymous_0)
FNDA:0,(anonymous_1)
FNDA:0,(anonymous_2)
FNDA:0,(anonymous_3)
FNDA:0,(anonymous_4)
FNDA:0,(anonymous_5)
FNDA:0,(anonymous_6)
FNDA:0,(anonymous_7)
FNDA:0,(anonymous_8)
FNDA:0,(anonymous_9)
FNDA:0,(anonymous_10)
FNDA:0,(anonymous_11)
FNDA:0,(anonymous_12)
FNDA:0,(anonymous_13)
DA:4,3
DA:7,3
DA:8,0
DA:9,0
DA:11,0
DA:12,0
DA:14,0
DA:18,0
DA:19,0
DA:20,0
DA:21,0
DA:24,0
DA:29,3
DA:30,0
DA:31,0
DA:32,0
DA:34,0
DA:35,0
DA:38,0
DA:39,0
DA:40,0
DA:41,0
DA:42,0
DA:45,0
DA:46,0
DA:49,0
DA:50,0
DA:51,0
DA:52,0
DA:53,0
DA:56,0
DA:62,3
DA:63,0
DA:64,0
DA:66,0
DA:67,0
DA:68,0
DA:69,0
DA:70,0
DA:73,0
DA:74,0
DA:77,0
DA:78,0
DA:79,0
DA:80,0
DA:81,0
DA:84,0
DA:89,3
DA:90,0
DA:94,0
DA:101,0
DA:102,0
DA:103,0
DA:104,0
DA:108,0
DA:117,0
DA:123,3
DA:124,0
DA:125,0
DA:128,0
DA:129,0
DA:136,0
DA:139,0
DA:140,0
DA:141,0
DA:142,0
DA:145,0
DA:146,0
DA:153,0
DA:157,0
DA:161,0
DA:162,0
DA:163,0
DA:166,0
LF:74
LH:6
BRDA:11,0,0,0
BRDA:11,0,1,0
BRDA:11,1,0,0
BRDA:11,1,1,0
BRDA:19,2,0,0
BRDA:19,2,1,0
BRDA:34,3,0,0
BRDA:34,3,1,0
BRDA:40,4,0,0
BRDA:40,4,1,0
BRDA:45,5,0,0
BRDA:45,5,1,0
BRDA:51,6,0,0
BRDA:51,6,1,0
BRDA:68,7,0,0
BRDA:68,7,1,0
BRDA:73,8,0,0
BRDA:73,8,1,0
BRDA:79,9,0,0
BRDA:79,9,1,0
BRDA:102,10,0,0
BRDA:102,10,1,0
BRDA:128,11,0,0
BRDA:128,11,1,0
BRDA:128,12,0,0
BRDA:128,12,1,0
BRDA:128,12,2,0
BRDA:140,13,0,0
BRDA:140,13,1,0
BRDA:145,14,0,0
BRDA:145,14,1,0
BRDA:161,15,0,0
BRDA:161,15,1,0
BRF:33
BRH:0
end_of_record
TN:
SF:src\backend\controllers\donationControllers.js
FN:3,(anonymous_0)
FN:9,(anonymous_1)
FN:15,(anonymous_2)
FN:26,(anonymous_3)
FN:29,(anonymous_4)
FN:34,(anonymous_5)
FN:45,(anonymous_6)
FN:48,(anonymous_7)
FN:58,(anonymous_8)
FN:61,(anonymous_9)
FN:66,(anonymous_10)
FN:69,(anonymous_11)
FNF:12
FNH:0
FNDA:0,(anonymous_0)
FNDA:0,(anonymous_1)
FNDA:0,(anonymous_2)
FNDA:0,(anonymous_3)
FNDA:0,(anonymous_4)
FNDA:0,(anonymous_5)
FNDA:0,(anonymous_6)
FNDA:0,(anonymous_7)
FNDA:0,(anonymous_8)
FNDA:0,(anonymous_9)
FNDA:0,(anonymous_10)
FNDA:0,(anonymous_11)
DA:3,3
DA:4,0
DA:5,0
DA:6,0
DA:9,0
DA:10,0
DA:11,0
DA:12,0
DA:15,0
DA:16,0
DA:17,0
DA:18,0
DA:19,0
DA:23,0
DA:27,0
DA:28,0
DA:29,0
DA:30,0
DA:33,0
DA:34,0
DA:35,0
DA:38,0
DA:41,0
DA:46,0
DA:47,0
DA:48,0
DA:49,0
DA:53,0
DA:59,0
DA:60,0
DA:61,0
DA:62,0
DA:66,0
DA:67,0
DA:68,0
DA:69,0
DA:70,0
DA:74,0
DA:75,0
LF:39
LH:1
BRDA:10,0,0,0
BRDA:10,0,1,0
BRDA:16,1,0,0
BRDA:16,1,1,0
BRDA:27,2,0,0
BRDA:27,2,1,0
BRDA:33,3,0,0
BRDA:33,3,1,0
BRDA:33,4,0,0
BRDA:33,4,1,0
BRDA:46,5,0,0
BRDA:46,5,1,0
BRDA:59,6,0,0
BRDA:59,6,1,0
BRDA:67,7,0,0
BRDA:67,7,1,0
BRF:16
BRH:0
end_of_record
TN:
SF:src\backend\controllers\paymentControllers.js
FN:3,(anonymous_0)
FN:11,(anonymous_1)
FNF:2
FNH:0
FNDA:0,(anonymous_0)
FNDA:0,(anonymous_1)
DA:3,3
DA:4,0
DA:7,0
DA:12,0
DA:13,0
DA:14,0
DA:18,0
LF:7
LH:1
BRDA:12,0,0,0
BRDA:12,0,1,0
BRF:2
BRH:0
end_of_record
TN:
SF:src\backend\controllers\promptpayControllers.js
FN:6,(anonymous_0)
FN:32,(anonymous_1)
FN:53,(anonymous_2)
FNF:3
FNH:0
FNDA:0,(anonymous_0)
FNDA:0,(anonymous_1)
FNDA:0,(anonymous_2)
DA:6,3
DA:7,0
DA:9,0
DA:10,0
DA:13,0
DA:14,0
DA:15,0
DA:22,0
DA:23,0
DA:24,0
DA:31,0
DA:32,0
DA:33,0
DA:34,0
DA:35,0
DA:38,0
DA:39,0
DA:42,0
DA:44,0
DA:45,0
DA:52,0
DA:53,0
DA:54,0
DA:55,0
DA:56,0
DA:62,0
DA:63,0
DA:71,0
DA:72,0
LF:29
LH:1
BRDA:13,0,0,0
BRDA:13,0,1,0
BRDA:13,1,0,0
BRDA:13,1,1,0
BRDA:22,2,0,0
BRDA:22,2,1,0
BRDA:22,3,0,0
BRDA:22,3,1,0
BRDA:33,4,0,0
BRDA:33,4,1,0
BRDA:38,5,0,0
BRDA:38,5,1,0
BRDA:54,6,0,0
BRDA:54,6,1,0
BRF:14
BRH:0
end_of_record
TN:
SF:src\backend\controllers\viewControllers.js
FN:4,(anonymous_0)
FN:5,(anonymous_1)
FN:6,(anonymous_2)
FN:16,(anonymous_3)
FN:27,(anonymous_4)
FN:39,(anonymous_5)
FN:62,(anonymous_6)
FN:138,(anonymous_7)
FN:145,(anonymous_8)
FN:155,(anonymous_9)
FN:169,(anonymous_10)
FN:178,(anonymous_11)
FN:201,(anonymous_12)
FN:238,(anonymous_13)
FN:253,(anonymous_14)
FN:279,(anonymous_15)
FN:295,(anonymous_16)
FN:300,(anonymous_17)
FN:312,(anonymous_18)
FN:317,(anonymous_19)
FN:328,(anonymous_20)
FN:333,(anonymous_21)
FN:344,(anonymous_22)
FN:363,(anonymous_23)
FN:380,(anonymous_24)
FN:397,(anonymous_25)
FNF:26
FNH:0
FNDA:0,(anonymous_0)
FNDA:0,(anonymous_1)
FNDA:0,(anonymous_2)
FNDA:0,(anonymous_3)
FNDA:0,(anonymous_4)
FNDA:0,(anonymous_5)
FNDA:0,(anonymous_6)
FNDA:0,(anonymous_7)
FNDA:0,(anonymous_8)
FNDA:0,(anonymous_9)
FNDA:0,(anonymous_10)
FNDA:0,(anonymous_11)
FNDA:0,(anonymous_12)
FNDA:0,(anonymous_13)
FNDA:0,(anonymous_14)
FNDA:0,(anonymous_15)
FNDA:0,(anonymous_16)
FNDA:0,(anonymous_17)
FNDA:0,(anonymous_18)
FNDA:0,(anonymous_19)
FNDA:0,(anonymous_20)
FNDA:0,(anonymous_21)
FNDA:0,(anonymous_22)
FNDA:0,(anonymous_23)
FNDA:0,(anonymous_24)
FNDA:0,(anonymous_25)
DA:4,3
DA:5,0
DA:6,0
DA:7,0
DA:8,0
DA:10,0
DA:16,3
DA:17,0
DA:19,0
DA:20,0
DA:23,0
DA:24,0
DA:25,0
DA:27,0
DA:28,0
DA:29,0
DA:30,0
DA:33,0
DA:34,0
DA:37,0
DA:39,0
DA:40,0
DA:41,0
DA:42,0
DA:45,0
DA:46,0
DA:48,0
DA:49,0
DA:51,0
DA:55,0
DA:56,0
DA:62,3
DA:63,0
DA:64,0
DA:65,0
DA:66,0
DA:67,0
DA:70,0
DA:71,0
DA:74,0
DA:75,0
DA:76,0
DA:78,0
DA:83,0
DA:84,0
DA:88,0
DA:93,0
DA:95,0
DA:101,0
DA:108,0
DA:113,0
DA:114,0
DA:117,0
DA:120,0
DA:125,0
DA:126,0
DA:127,0
DA:130,0
DA:132,0
DA:133,0
DA:138,3
DA:139,0
DA:142,0
DA:145,0
DA:146,0
DA:147,0
DA:148,0
DA:150,0
DA:155,3
DA:156,0
DA:158,0
DA:159,0
DA:162,0
DA:163,0
DA:164,0
DA:166,0
DA:170,0
DA:171,0
DA:172,0
DA:175,0
DA:179,0
DA:180,0
DA:181,0
DA:184,0
DA:185,0
DA:190,0
DA:196,0
DA:197,0
DA:201,3
DA:203,0
DA:238,0
DA:239,0
DA:240,0
DA:241,0
DA:244,0
DA:248,0
DA:253,3
DA:254,0
DA:257,0
DA:279,0
DA:280,0
DA:281,0
DA:282,0
DA:285,0
DA:286,0
DA:290,0
DA:295,3
DA:297,0
DA:300,0
DA:301,0
DA:302,0
DA:303,0
DA:307,0
DA:312,3
DA:314,0
DA:317,0
DA:318,0
DA:319,0
DA:320,0
DA:324,0
DA:328,3
DA:330,0
DA:333,0
DA:334,0
DA:335,0
DA:336,0
DA:340,0
DA:344,3
DA:345,0
DA:347,0
DA:363,0
DA:364,0
DA:365,0
DA:366,0
DA:369,0
DA:370,0
DA:373,0
DA:380,3
DA:381,0
DA:383,0
DA:397,0
DA:398,0
DA:399,0
DA:400,0
DA:404,0
LF:145
LH:12
BRDA:7,0,0,0
BRDA:7,0,1,0
BRDA:19,1,0,0
BRDA:19,1,1,0
BRDA:28,2,0,0
BRDA:28,2,1,0
BRDA:33,3,0,0
BRDA:33,3,1,0
BRDA:40,4,0,0
BRDA:40,4,1,0
BRDA:45,5,0,0
BRDA:45,5,1,0
BRDA:46,6,0,0
BRDA:46,6,1,0
BRDA:48,7,0,0
BRDA:48,7,1,0
BRDA:49,8,0,0
BRDA:49,8,1,0
BRDA:66,9,0,0
BRDA:66,9,1,0
BRDA:70,10,0,0
BRDA:70,10,1,0
BRDA:70,11,0,0
BRDA:70,11,1,0
BRDA:70,11,2,0
BRDA:70,11,3,0
BRDA:70,11,4,0
BRDA:70,11,5,0
BRDA:70,11,6,0
BRDA:70,11,7,0
BRDA:70,11,8,0
BRDA:70,11,9,0
BRDA:80,12,0,0
BRDA:80,12,1,0
BRDA:80,13,0,0
BRDA:80,13,1,0
BRDA:80,14,0,0
BRDA:80,14,1,0
BRDA:80,15,0,0
BRDA:80,15,1,0
BRDA:80,16,0,0
BRDA:80,16,1,0
BRDA:80,17,0,0
BRDA:80,17,1,0
BRDA:83,18,0,0
BRDA:83,18,1,0
BRDA:93,19,0,0
BRDA:93,19,1,0
BRDA:97,20,0,0
BRDA:97,20,1,0
BRDA:97,21,0,0
BRDA:97,21,1,0
BRDA:97,22,0,0
BRDA:97,22,1,0
BRDA:97,23,0,0
BRDA:97,23,1,0
BRDA:103,24,0,0
BRDA:103,24,1,0
BRDA:103,25,0,0
BRDA:103,25,1,0
BRDA:103,26,0,0
BRDA:103,26,1,0
BRDA:103,27,0,0
BRDA:103,27,1,0
BRDA:113,28,0,0
BRDA:113,28,1,0
BRDA:125,29,0,0
BRDA:125,29,1,0
BRDA:126,30,0,0
BRDA:126,30,1,0
BRDA:127,31,0,0
BRDA:127,31,1,0
BRDA:146,32,0,0
BRDA:146,32,1,0
BRDA:158,33,0,0
BRDA:158,33,1,0
BRDA:170,34,0,0
BRDA:170,34,1,0
BRDA:179,35,0,0
BRDA:179,35,1,0
BRDA:184,36,0,0
BRDA:184,36,1,0
BRDA:239,37,0,0
BRDA:239,37,1,0
BRDA:280,38,0,0
BRDA:280,38,1,0
BRDA:285,39,0,0
BRDA:285,39,1,0
BRDA:301,40,0,0
BRDA:301,40,1,0
BRDA:318,41,0,0
BRDA:318,41,1,0
BRDA:334,42,0,0
BRDA:334,42,1,0
BRDA:364,43,0,0
BRDA:364,43,1,0
BRDA:369,44,0,0
BRDA:369,44,1,0
BRDA:398,45,0,0
BRDA:398,45,1,0
BRF:100
BRH:0
end_of_record
TN:
SF:src\backend\middleware\multer.js
FN:9,(anonymous_0)
FN:21,(anonymous_1)
FN:30,(anonymous_2)
FN:38,(anonymous_3)
FN:39,(anonymous_4)
FN:44,(anonymous_5)
FN:45,(anonymous_6)
FNF:7
FNH:0
FNDA:0,(anonymous_0)
FNDA:0,(anonymous_1)
FNDA:0,(anonymous_2)
FNDA:0,(anonymous_3)
FNDA:0,(anonymous_4)
FNDA:0,(anonymous_5)
FNDA:0,(anonymous_6)
DA:9,3
DA:10,0
DA:11,0
DA:12,0
DA:16,3
DA:18,3
DA:22,0
DA:23,0
DA:25,0
DA:30,3
DA:31,0
DA:33,0
DA:35,0
DA:38,0
DA:40,0
DA:44,3
DA:45,0
DA:46,0
DA:47,0
DA:50,0
DA:52,0
DA:54,0
DA:55,0
DA:57,0
LF:24
LH:5
BRDA:11,0,0,0
BRDA:11,0,1,0
BRDA:22,1,0,0
BRDA:22,1,1,0
BRDA:46,2,0,0
BRDA:46,2,1,0
BRF:6
BRH:0
end_of_record
TN:
SF:src\backend\middleware\backend\isAdmin.js
FN:6,(anonymous_0)
FNF:1
FNH:1
FNDA:13,(anonymous_0)
DA:4,3
DA:6,3
DA:7,13
DA:9,13
DA:10,0
DA:13,13
DA:14,13
DA:15,13
DA:16,0
DA:18,13
DA:19,13
DA:21,0
DA:22,0
DA:23,0
DA:25,0
LF:15
LH:9
BRDA:9,0,0,0
BRDA:9,0,1,13
BRDA:15,1,0,0
BRDA:15,1,1,13
BRDA:22,2,0,0
BRDA:22,2,1,0
BRF:6
BRH:2
end_of_record
TN:
SF:src\backend\middleware\backend\isAuth.js
FN:6,(anonymous_0)
FN:12,(anonymous_1)
FNF:2
FNH:2
FNDA:2,(anonymous_0)
FNDA:2,(anonymous_1)
DA:4,3
DA:6,3
DA:7,2
DA:8,2
DA:9,0
DA:12,2
DA:13,2
DA:14,2
DA:16,0
DA:17,0
LF:10
LH:7
BRDA:8,0,0,0
BRDA:8,0,1,2
BRDA:13,1,0,2
BRDA:13,1,1,0
BRF:4
BRH:2
end_of_record
TN:
SF:src\backend\middleware\backend\isValidatorOrAdmin.js
FN:6,(anonymous_0)
FNF:1
FNH:1
FNDA:7,(anonymous_0)
DA:4,3
DA:6,3
DA:7,7
DA:9,7
DA:10,0
DA:13,7
DA:14,7
DA:15,7
DA:17,1
DA:19,6
DA:20,6
DA:22,0
DA:23,0
DA:24,0
DA:26,0
LF:15
LH:10
BRDA:9,0,0,0
BRDA:9,0,1,7
BRDA:15,1,0,1
BRDA:15,1,1,6
BRDA:15,2,0,7
BRDA:15,2,1,7
BRDA:23,3,0,0
BRDA:23,3,1,0
BRF:8
BRH:5
end_of_record
TN:
SF:src\backend\middleware\frontend\getenv.js
FN:5,(anonymous_0)
FN:19,(anonymous_1)
FN:32,(anonymous_2)
FN:45,(anonymous_3)
FNF:4
FNH:0
FNDA:0,(anonymous_0)
FNDA:0,(anonymous_1)
FNDA:0,(anonymous_2)
FNDA:0,(anonymous_3)
DA:3,3
DA:5,3
DA:6,0
DA:7,0
DA:11,0
DA:13,0
DA:14,0
DA:19,3
DA:20,0
DA:21,0
DA:25,0
DA:27,0
DA:28,0
DA:32,3
DA:33,0
DA:34,0
DA:38,0
DA:40,0
DA:41,0
DA:45,3
DA:46,0
DA:47,0
DA:53,0
DA:55,0
DA:56,0
LF:25
LH:5
BRF:0
BRH:0
end_of_record
TN:
SF:src\backend\routes\admin.js
FNF:0
FNH:0
DA:8,3
DA:10,3
DA:11,3
DA:12,3
DA:13,3
DA:14,3
DA:15,3
DA:16,3
DA:17,3
LF:9
LH:9
BRF:0
BRH:0
end_of_record
TN:
SF:src\backend\routes\auth.js
FN:12,(anonymous_0)
FN:16,(anonymous_1)
FN:18,(anonymous_2)
FNF:3
FNH:2
FNDA:0,(anonymous_0)
FNDA:2,(anonymous_1)
FNDA:1,(anonymous_2)
DA:8,3
DA:10,3
DA:11,3
DA:12,3
DA:13,0
DA:15,3
DA:16,3
DA:17,2
DA:19,1
LF:9
LH:8
BRF:0
BRH:0
end_of_record
TN:
SF:src\backend\routes\badge.js
FNF:0
FNH:0
DA:5,3
DA:7,3
DA:8,3
DA:9,3
DA:10,3
LF:5
LH:5
BRF:0
BRH:0
end_of_record
TN:
SF:src\backend\routes\campaign.js
FNF:0
FNH:0
DA:6,3
DA:9,3
DA:10,3
DA:11,3
DA:12,3
LF:5
LH:5
BRF:0
BRH:0
end_of_record
TN:
SF:src\backend\routes\check-connection.js
FN:6,(anonymous_0)
FN:8,(anonymous_1)
FNF:2
FNH:0
FNDA:0,(anonymous_0)
FNDA:0,(anonymous_1)
DA:4,3
DA:6,3
DA:7,0
DA:8,0
DA:9,0
DA:10,0
DA:11,0
DA:12,0
DA:14,0
LF:9
LH:2
BRDA:9,0,0,0
BRDA:9,0,1,0
BRF:2
BRH:0
end_of_record
TN:
SF:src\backend\routes\comment.js
FNF:0
FNH:0
DA:4,3
DA:7,3
DA:8,3
DA:9,3
DA:10,3
DA:11,3
LF:6
LH:6
BRF:0
BRH:0
end_of_record
TN:
SF:src\backend\routes\getenv.js
FNF:0
FNH:0
DA:3,3
DA:5,3
DA:6,3
DA:7,3
DA:8,3
LF:5
LH:5
BRF:0
BRH:0
end_of_record
TN:
SF:src\backend\routes\transaction.js
FNF:0
FNH:0
DA:7,3
DA:9,3
DA:10,3
DA:11,3
LF:4
LH:4
BRF:0
BRH:0
end_of_record
TN:
SF:src\backend\routes\view.js
FNF:0
FNH:0
DA:8,3
DA:10,3
DA:11,3
DA:12,3
DA:13,3
DA:14,3
DA:15,3
DA:16,3
DA:17,3
DA:18,3
DA:19,3
DA:20,3
LF:12
LH:12
BRF:0
BRH:0
end_of_record
